{"/home/nmai601/hrla42/FEC/client/src/Interactions.jsx": {"path":"/home/nmai601/hrla42/FEC/client/src/Interactions.jsx","statementMap":{"0":{"start":{"line":5,"column":20},"end":{"line":31,"column":1}},"1":{"start":{"line":6,"column":2},"end":{"line":30,"column":3}},"2":{"start":{"line":8,"column":6},"end":{"line":8,"column":18}},"3":{"start":{"line":9,"column":6},"end":{"line":9,"column":19}},"4":{"start":{"line":10,"column":6},"end":{"line":10,"column":49}},"5":{"start":{"line":13,"column":20},"end":{"line":17,"column":7}},"6":{"start":{"line":18,"column":6},"end":{"line":19,"column":39}},"7":{"start":{"line":19,"column":20},"end":{"line":19,"column":38}},"8":{"start":{"line":22,"column":6},"end":{"line":28,"column":7}}},"fnMap":{"0":{"name":"(anonymous_0)","decl":{"start":{"line":5,"column":20},"end":{"line":5,"column":21}},"loc":{"start":{"line":6,"column":2},"end":{"line":30,"column":3}},"line":6},"1":{"name":"(anonymous_1)","decl":{"start":{"line":7,"column":4},"end":{"line":7,"column":5}},"loc":{"start":{"line":7,"column":23},"end":{"line":11,"column":5}},"line":7},"2":{"name":"(anonymous_2)","decl":{"start":{"line":12,"column":4},"end":{"line":12,"column":5}},"loc":{"start":{"line":12,"column":18},"end":{"line":20,"column":5}},"line":12},"3":{"name":"(anonymous_3)","decl":{"start":{"line":19,"column":13},"end":{"line":19,"column":14}},"loc":{"start":{"line":19,"column":20},"end":{"line":19,"column":38}},"line":19},"4":{"name":"(anonymous_4)","decl":{"start":{"line":21,"column":4},"end":{"line":21,"column":5}},"loc":{"start":{"line":21,"column":14},"end":{"line":29,"column":5}},"line":21}},"branchMap":{},"s":{"0":1,"1":0,"2":0,"3":0,"4":0,"5":0,"6":0,"7":0,"8":0},"f":{"0":0,"1":0,"2":0,"3":0,"4":0},"b":{},"_coverageSchema":"1a1c01bbd47fc00a2c39e90264f33305004495a9","hash":"5cf5d016c3af5e384c5c6f34e4cab0f2416b8e73"}
,"/home/nmai601/hrla42/FEC/client/src/components/Product Detail/Add2Cart.jsx": {"path":"/home/nmai601/hrla42/FEC/client/src/components/Product Detail/Add2Cart.jsx","statementMap":{"0":{"start":{"line":11,"column":4},"end":{"line":11,"column":17}},"1":{"start":{"line":12,"column":4},"end":{"line":17,"column":6}},"2":{"start":{"line":21,"column":4},"end":{"line":23,"column":5}},"3":{"start":{"line":22,"column":6},"end":{"line":22,"column":83}},"4":{"start":{"line":27,"column":4},"end":{"line":32,"column":6}},"5":{"start":{"line":35,"column":4},"end":{"line":35,"column":42}},"6":{"start":{"line":39,"column":4},"end":{"line":43,"column":5}},"7":{"start":{"line":40,"column":6},"end":{"line":40,"column":28}},"8":{"start":{"line":41,"column":11},"end":{"line":43,"column":5}},"9":{"start":{"line":42,"column":6},"end":{"line":42,"column":73}},"10":{"start":{"line":42,"column":44},"end":{"line":42,"column":71}},"11":{"start":{"line":47,"column":4},"end":{"line":47,"column":37}},"12":{"start":{"line":48,"column":4},"end":{"line":48,"column":28}},"13":{"start":{"line":51,"column":4},"end":{"line":51,"column":38}},"14":{"start":{"line":55,"column":16},"end":{"line":55,"column":18}},"15":{"start":{"line":56,"column":21},"end":{"line":56,"column":23}},"16":{"start":{"line":57,"column":4},"end":{"line":62,"column":6}},"17":{"start":{"line":58,"column":6},"end":{"line":61,"column":7}},"18":{"start":{"line":59,"column":8},"end":{"line":60,"column":9}},"19":{"start":{"line":63,"column":4},"end":{"line":65,"column":5}},"20":{"start":{"line":63,"column":15},"end":{"line":63,"column":16}},"21":{"start":{"line":64,"column":6},"end":{"line":64,"column":44}},"22":{"start":{"line":67,"column":26},"end":{"line":73,"column":5}},"23":{"start":{"line":74,"column":24},"end":{"line":77,"column":5}},"24":{"start":{"line":79,"column":4},"end":{"line":146,"column":6}},"25":{"start":{"line":92,"column":30},"end":{"line":92,"column":52}},"26":{"start":{"line":94,"column":40},"end":{"line":94,"column":71}},"27":{"start":{"line":95,"column":38},"end":{"line":95,"column":67}},"28":{"start":{"line":97,"column":54},"end":{"line":97,"column":58}},"29":{"start":{"line":102,"column":38},"end":{"line":102,"column":69}},"30":{"start":{"line":103,"column":36},"end":{"line":103,"column":65}},"31":{"start":{"line":106,"column":52},"end":{"line":106,"column":56}},"32":{"start":{"line":120,"column":40},"end":{"line":120,"column":71}},"33":{"start":{"line":121,"column":38},"end":{"line":121,"column":67}},"34":{"start":{"line":123,"column":54},"end":{"line":123,"column":58}},"35":{"start":{"line":129,"column":38},"end":{"line":129,"column":69}},"36":{"start":{"line":130,"column":36},"end":{"line":130,"column":65}},"37":{"start":{"line":133,"column":52},"end":{"line":133,"column":56}}},"fnMap":{"0":{"name":"(anonymous_0)","decl":{"start":{"line":10,"column":2},"end":{"line":10,"column":3}},"loc":{"start":{"line":10,"column":21},"end":{"line":18,"column":3}},"line":10},"1":{"name":"(anonymous_1)","decl":{"start":{"line":20,"column":2},"end":{"line":20,"column":3}},"loc":{"start":{"line":20,"column":31},"end":{"line":24,"column":3}},"line":20},"2":{"name":"(anonymous_2)","decl":{"start":{"line":26,"column":2},"end":{"line":26,"column":3}},"loc":{"start":{"line":26,"column":22},"end":{"line":33,"column":3}},"line":26},"3":{"name":"(anonymous_3)","decl":{"start":{"line":34,"column":2},"end":{"line":34,"column":3}},"loc":{"start":{"line":34,"column":30},"end":{"line":36,"column":3}},"line":34},"4":{"name":"(anonymous_4)","decl":{"start":{"line":38,"column":2},"end":{"line":38,"column":3}},"loc":{"start":{"line":38,"column":16},"end":{"line":44,"column":3}},"line":38},"5":{"name":"(anonymous_5)","decl":{"start":{"line":42,"column":37},"end":{"line":42,"column":38}},"loc":{"start":{"line":42,"column":43},"end":{"line":42,"column":72}},"line":42},"6":{"name":"(anonymous_6)","decl":{"start":{"line":46,"column":2},"end":{"line":46,"column":3}},"loc":{"start":{"line":46,"column":13},"end":{"line":49,"column":3}},"line":46},"7":{"name":"(anonymous_7)","decl":{"start":{"line":50,"column":2},"end":{"line":50,"column":3}},"loc":{"start":{"line":50,"column":14},"end":{"line":52,"column":3}},"line":50},"8":{"name":"(anonymous_8)","decl":{"start":{"line":54,"column":2},"end":{"line":54,"column":3}},"loc":{"start":{"line":54,"column":11},"end":{"line":147,"column":3}},"line":54},"9":{"name":"(anonymous_9)","decl":{"start":{"line":57,"column":47},"end":{"line":57,"column":48}},"loc":{"start":{"line":57,"column":61},"end":{"line":62,"column":5}},"line":57},"10":{"name":"(anonymous_10)","decl":{"start":{"line":92,"column":21},"end":{"line":92,"column":22}},"loc":{"start":{"line":92,"column":30},"end":{"line":92,"column":52}},"line":92},"11":{"name":"(anonymous_11)","decl":{"start":{"line":94,"column":29},"end":{"line":94,"column":30}},"loc":{"start":{"line":94,"column":40},"end":{"line":94,"column":71}},"line":94},"12":{"name":"(anonymous_12)","decl":{"start":{"line":95,"column":27},"end":{"line":95,"column":28}},"loc":{"start":{"line":95,"column":38},"end":{"line":95,"column":67}},"line":95},"13":{"name":"(anonymous_13)","decl":{"start":{"line":97,"column":48},"end":{"line":97,"column":49}},"loc":{"start":{"line":97,"column":54},"end":{"line":97,"column":58}},"line":97},"14":{"name":"(anonymous_14)","decl":{"start":{"line":102,"column":27},"end":{"line":102,"column":28}},"loc":{"start":{"line":102,"column":38},"end":{"line":102,"column":69}},"line":102},"15":{"name":"(anonymous_15)","decl":{"start":{"line":103,"column":25},"end":{"line":103,"column":26}},"loc":{"start":{"line":103,"column":36},"end":{"line":103,"column":65}},"line":103},"16":{"name":"(anonymous_16)","decl":{"start":{"line":106,"column":46},"end":{"line":106,"column":47}},"loc":{"start":{"line":106,"column":52},"end":{"line":106,"column":56}},"line":106},"17":{"name":"(anonymous_17)","decl":{"start":{"line":120,"column":29},"end":{"line":120,"column":30}},"loc":{"start":{"line":120,"column":40},"end":{"line":120,"column":71}},"line":120},"18":{"name":"(anonymous_18)","decl":{"start":{"line":121,"column":27},"end":{"line":121,"column":28}},"loc":{"start":{"line":121,"column":38},"end":{"line":121,"column":67}},"line":121},"19":{"name":"(anonymous_19)","decl":{"start":{"line":123,"column":48},"end":{"line":123,"column":49}},"loc":{"start":{"line":123,"column":54},"end":{"line":123,"column":58}},"line":123},"20":{"name":"(anonymous_20)","decl":{"start":{"line":129,"column":27},"end":{"line":129,"column":28}},"loc":{"start":{"line":129,"column":38},"end":{"line":129,"column":69}},"line":129},"21":{"name":"(anonymous_21)","decl":{"start":{"line":130,"column":25},"end":{"line":130,"column":26}},"loc":{"start":{"line":130,"column":36},"end":{"line":130,"column":65}},"line":130},"22":{"name":"(anonymous_22)","decl":{"start":{"line":133,"column":46},"end":{"line":133,"column":47}},"loc":{"start":{"line":133,"column":52},"end":{"line":133,"column":56}},"line":133}},"branchMap":{"0":{"loc":{"start":{"line":21,"column":4},"end":{"line":23,"column":5}},"type":"if","locations":[{"start":{"line":21,"column":4},"end":{"line":23,"column":5}},{"start":{"line":21,"column":4},"end":{"line":23,"column":5}}],"line":21},"1":{"loc":{"start":{"line":28,"column":16},"end":{"line":28,"column":48}},"type":"cond-expr","locations":[{"start":{"line":28,"column":34},"end":{"line":28,"column":36}},{"start":{"line":28,"column":39},"end":{"line":28,"column":48}}],"line":28},"2":{"loc":{"start":{"line":39,"column":4},"end":{"line":43,"column":5}},"type":"if","locations":[{"start":{"line":39,"column":4},"end":{"line":43,"column":5}},{"start":{"line":39,"column":4},"end":{"line":43,"column":5}}],"line":39},"3":{"loc":{"start":{"line":41,"column":11},"end":{"line":43,"column":5}},"type":"if","locations":[{"start":{"line":41,"column":11},"end":{"line":43,"column":5}},{"start":{"line":41,"column":11},"end":{"line":43,"column":5}}],"line":41},"4":{"loc":{"start":{"line":58,"column":6},"end":{"line":61,"column":7}},"type":"if","locations":[{"start":{"line":58,"column":6},"end":{"line":61,"column":7}},{"start":{"line":58,"column":6},"end":{"line":61,"column":7}}],"line":58},"5":{"loc":{"start":{"line":71,"column":14},"end":{"line":71,"column":69}},"type":"cond-expr","locations":[{"start":{"line":71,"column":34},"end":{"line":71,"column":64}},{"start":{"line":71,"column":67},"end":{"line":71,"column":69}}],"line":71},"6":{"loc":{"start":{"line":83,"column":13},"end":{"line":107,"column":15}},"type":"cond-expr","locations":[{"start":{"line":84,"column":14},"end":{"line":98,"column":16}},{"start":{"line":100,"column":13},"end":{"line":107,"column":15}}],"line":83},"7":{"loc":{"start":{"line":88,"column":24},"end":{"line":88,"column":129}},"type":"cond-expr","locations":[{"start":{"line":88,"column":57},"end":{"line":88,"column":61}},{"start":{"line":88,"column":63},"end":{"line":88,"column":129}}],"line":88},"8":{"loc":{"start":{"line":111,"column":13},"end":{"line":134,"column":14}},"type":"cond-expr","locations":[{"start":{"line":115,"column":14},"end":{"line":124,"column":16}},{"start":{"line":126,"column":12},"end":{"line":134,"column":14}}],"line":111},"9":{"loc":{"start":{"line":141,"column":82},"end":{"line":141,"column":144}},"type":"cond-expr","locations":[{"start":{"line":141,"column":97},"end":{"line":141,"column":120}},{"start":{"line":141,"column":123},"end":{"line":141,"column":144}}],"line":141}},"s":{"0":1,"1":1,"2":0,"3":0,"4":0,"5":0,"6":0,"7":0,"8":0,"9":0,"10":0,"11":0,"12":0,"13":0,"14":1,"15":1,"16":1,"17":1,"18":1,"19":1,"20":1,"21":0,"22":1,"23":1,"24":1,"25":0,"26":0,"27":0,"28":0,"29":0,"30":0,"31":0,"32":0,"33":0,"34":0,"35":0,"36":0,"37":0},"f":{"0":1,"1":0,"2":0,"3":0,"4":0,"5":0,"6":0,"7":0,"8":1,"9":1,"10":0,"11":0,"12":0,"13":0,"14":0,"15":0,"16":0,"17":0,"18":0,"19":0,"20":0,"21":0,"22":0},"b":{"0":[0,0],"1":[0,0],"2":[0,0],"3":[0,0],"4":[1,0],"5":[0,1],"6":[1,0],"7":[1,0],"8":[0,1],"9":[1,0]},"_coverageSchema":"1a1c01bbd47fc00a2c39e90264f33305004495a9","hash":"9cd62b34996fc839c10439ad489613db2844014f"}
,"/home/nmai601/hrla42/FEC/client/src/components/Product Detail/DefaultView.jsx": {"path":"/home/nmai601/hrla42/FEC/client/src/components/Product Detail/DefaultView.jsx","statementMap":{"0":{"start":{"line":12,"column":4},"end":{"line":12,"column":17}},"1":{"start":{"line":13,"column":4},"end":{"line":18,"column":6}},"2":{"start":{"line":19,"column":4},"end":{"line":19,"column":64}},"3":{"start":{"line":23,"column":4},"end":{"line":23,"column":104}},"4":{"start":{"line":27,"column":4},"end":{"line":44,"column":5}},"5":{"start":{"line":28,"column":6},"end":{"line":34,"column":7}},"6":{"start":{"line":33,"column":12},"end":{"line":33,"column":66}},"7":{"start":{"line":36,"column":9},"end":{"line":44,"column":5}},"8":{"start":{"line":37,"column":16},"end":{"line":37,"column":69}},"9":{"start":{"line":38,"column":6},"end":{"line":43,"column":8}},"10":{"start":{"line":48,"column":14},"end":{"line":48,"column":52}},"11":{"start":{"line":49,"column":19},"end":{"line":49,"column":38}},"12":{"start":{"line":50,"column":17},"end":{"line":50,"column":34}},"13":{"start":{"line":51,"column":4},"end":{"line":57,"column":5}},"14":{"start":{"line":52,"column":6},"end":{"line":52,"column":17}},"15":{"start":{"line":53,"column":6},"end":{"line":53,"column":15}},"16":{"start":{"line":54,"column":11},"end":{"line":57,"column":5}},"17":{"start":{"line":55,"column":6},"end":{"line":55,"column":17}},"18":{"start":{"line":56,"column":6},"end":{"line":56,"column":15}},"19":{"start":{"line":59,"column":4},"end":{"line":64,"column":6}},"20":{"start":{"line":65,"column":4},"end":{"line":65,"column":37}},"21":{"start":{"line":69,"column":4},"end":{"line":73,"column":5}},"22":{"start":{"line":70,"column":6},"end":{"line":70,"column":81}},"23":{"start":{"line":71,"column":10},"end":{"line":73,"column":5}},"24":{"start":{"line":72,"column":6},"end":{"line":72,"column":81}},"25":{"start":{"line":77,"column":21},"end":{"line":77,"column":23}},"26":{"start":{"line":78,"column":4},"end":{"line":81,"column":5}},"27":{"start":{"line":78,"column":17},"end":{"line":78,"column":36}},"28":{"start":{"line":79,"column":6},"end":{"line":80,"column":50}},"29":{"start":{"line":80,"column":6},"end":{"line":80,"column":50}},"30":{"start":{"line":82,"column":4},"end":{"line":100,"column":6}},"31":{"start":{"line":85,"column":94},"end":{"line":85,"column":127}},"32":{"start":{"line":87,"column":96},"end":{"line":87,"column":128}},"33":{"start":{"line":90,"column":88},"end":{"line":90,"column":121}},"34":{"start":{"line":93,"column":12},"end":{"line":93,"column":211}},"35":{"start":{"line":93,"column":171},"end":{"line":93,"column":201}},"36":{"start":{"line":96,"column":94},"end":{"line":96,"column":126}}},"fnMap":{"0":{"name":"(anonymous_0)","decl":{"start":{"line":11,"column":2},"end":{"line":11,"column":3}},"loc":{"start":{"line":11,"column":21},"end":{"line":20,"column":3}},"line":11},"1":{"name":"(anonymous_1)","decl":{"start":{"line":22,"column":2},"end":{"line":22,"column":3}},"loc":{"start":{"line":22,"column":22},"end":{"line":24,"column":3}},"line":22},"2":{"name":"(anonymous_2)","decl":{"start":{"line":26,"column":2},"end":{"line":26,"column":3}},"loc":{"start":{"line":26,"column":31},"end":{"line":45,"column":3}},"line":26},"3":{"name":"(anonymous_3)","decl":{"start":{"line":33,"column":6},"end":{"line":33,"column":7}},"loc":{"start":{"line":33,"column":12},"end":{"line":33,"column":66}},"line":33},"4":{"name":"(anonymous_4)","decl":{"start":{"line":47,"column":2},"end":{"line":47,"column":3}},"loc":{"start":{"line":47,"column":28},"end":{"line":66,"column":3}},"line":47},"5":{"name":"(anonymous_5)","decl":{"start":{"line":68,"column":2},"end":{"line":68,"column":3}},"loc":{"start":{"line":68,"column":30},"end":{"line":74,"column":3}},"line":68},"6":{"name":"(anonymous_6)","decl":{"start":{"line":76,"column":2},"end":{"line":76,"column":3}},"loc":{"start":{"line":76,"column":11},"end":{"line":101,"column":3}},"line":76},"7":{"name":"(anonymous_7)","decl":{"start":{"line":85,"column":87},"end":{"line":85,"column":88}},"loc":{"start":{"line":85,"column":93},"end":{"line":85,"column":128}},"line":85},"8":{"name":"(anonymous_8)","decl":{"start":{"line":87,"column":89},"end":{"line":87,"column":90}},"loc":{"start":{"line":87,"column":95},"end":{"line":87,"column":129}},"line":87},"9":{"name":"(anonymous_9)","decl":{"start":{"line":90,"column":81},"end":{"line":90,"column":82}},"loc":{"start":{"line":90,"column":87},"end":{"line":90,"column":122}},"line":90},"10":{"name":"(anonymous_10)","decl":{"start":{"line":92,"column":26},"end":{"line":92,"column":27}},"loc":{"start":{"line":93,"column":12},"end":{"line":93,"column":211}},"line":93},"11":{"name":"(anonymous_11)","decl":{"start":{"line":93,"column":164},"end":{"line":93,"column":165}},"loc":{"start":{"line":93,"column":170},"end":{"line":93,"column":202}},"line":93},"12":{"name":"(anonymous_12)","decl":{"start":{"line":96,"column":87},"end":{"line":96,"column":88}},"loc":{"start":{"line":96,"column":93},"end":{"line":96,"column":127}},"line":96}},"branchMap":{"0":{"loc":{"start":{"line":23,"column":27},"end":{"line":23,"column":102}},"type":"cond-expr","locations":[{"start":{"line":23,"column":65},"end":{"line":23,"column":66}},{"start":{"line":23,"column":69},"end":{"line":23,"column":102}}],"line":23},"1":{"loc":{"start":{"line":27,"column":4},"end":{"line":44,"column":5}},"type":"if","locations":[{"start":{"line":27,"column":4},"end":{"line":44,"column":5}},{"start":{"line":27,"column":4},"end":{"line":44,"column":5}}],"line":27},"2":{"loc":{"start":{"line":31,"column":16},"end":{"line":31,"column":91}},"type":"cond-expr","locations":[{"start":{"line":31,"column":54},"end":{"line":31,"column":55}},{"start":{"line":31,"column":58},"end":{"line":31,"column":91}}],"line":31},"3":{"loc":{"start":{"line":36,"column":9},"end":{"line":44,"column":5}},"type":"if","locations":[{"start":{"line":36,"column":9},"end":{"line":44,"column":5}},{"start":{"line":36,"column":9},"end":{"line":44,"column":5}}],"line":36},"4":{"loc":{"start":{"line":41,"column":18},"end":{"line":41,"column":39}},"type":"cond-expr","locations":[{"start":{"line":41,"column":28},"end":{"line":41,"column":35}},{"start":{"line":41,"column":38},"end":{"line":41,"column":39}}],"line":41},"5":{"loc":{"start":{"line":42,"column":16},"end":{"line":42,"column":106}},"type":"cond-expr","locations":[{"start":{"line":42,"column":26},"end":{"line":42,"column":29}},{"start":{"line":42,"column":32},"end":{"line":42,"column":106}}],"line":42},"6":{"loc":{"start":{"line":42,"column":32},"end":{"line":42,"column":106}},"type":"cond-expr","locations":[{"start":{"line":42,"column":69},"end":{"line":42,"column":102}},{"start":{"line":42,"column":105},"end":{"line":42,"column":106}}],"line":42},"7":{"loc":{"start":{"line":51,"column":4},"end":{"line":57,"column":5}},"type":"if","locations":[{"start":{"line":51,"column":4},"end":{"line":57,"column":5}},{"start":{"line":51,"column":4},"end":{"line":57,"column":5}}],"line":51},"8":{"loc":{"start":{"line":54,"column":11},"end":{"line":57,"column":5}},"type":"if","locations":[{"start":{"line":54,"column":11},"end":{"line":57,"column":5}},{"start":{"line":54,"column":11},"end":{"line":57,"column":5}}],"line":54},"9":{"loc":{"start":{"line":69,"column":4},"end":{"line":73,"column":5}},"type":"if","locations":[{"start":{"line":69,"column":4},"end":{"line":73,"column":5}},{"start":{"line":69,"column":4},"end":{"line":73,"column":5}}],"line":69},"10":{"loc":{"start":{"line":69,"column":7},"end":{"line":69,"column":62}},"type":"binary-expr","locations":[{"start":{"line":69,"column":7},"end":{"line":69,"column":31}},{"start":{"line":69,"column":35},"end":{"line":69,"column":62}}],"line":69},"11":{"loc":{"start":{"line":71,"column":10},"end":{"line":73,"column":5}},"type":"if","locations":[{"start":{"line":71,"column":10},"end":{"line":73,"column":5}},{"start":{"line":71,"column":10},"end":{"line":73,"column":5}}],"line":71},"12":{"loc":{"start":{"line":71,"column":13},"end":{"line":71,"column":98}},"type":"binary-expr","locations":[{"start":{"line":71,"column":13},"end":{"line":71,"column":36}},{"start":{"line":71,"column":40},"end":{"line":71,"column":98}}],"line":71},"13":{"loc":{"start":{"line":79,"column":6},"end":{"line":80,"column":50}},"type":"if","locations":[{"start":{"line":79,"column":6},"end":{"line":80,"column":50}},{"start":{"line":79,"column":6},"end":{"line":80,"column":50}}],"line":79},"14":{"loc":{"start":{"line":85,"column":137},"end":{"line":85,"column":213}},"type":"cond-expr","locations":[{"start":{"line":85,"column":167},"end":{"line":85,"column":188}},{"start":{"line":85,"column":191},"end":{"line":85,"column":213}}],"line":85},"15":{"loc":{"start":{"line":87,"column":138},"end":{"line":87,"column":245}},"type":"cond-expr","locations":[{"start":{"line":87,"column":199},"end":{"line":87,"column":220}},{"start":{"line":87,"column":223},"end":{"line":87,"column":245}}],"line":87},"16":{"loc":{"start":{"line":90,"column":131},"end":{"line":90,"column":207}},"type":"cond-expr","locations":[{"start":{"line":90,"column":161},"end":{"line":90,"column":182}},{"start":{"line":90,"column":185},"end":{"line":90,"column":207}}],"line":90},"17":{"loc":{"start":{"line":93,"column":76},"end":{"line":93,"column":153}},"type":"cond-expr","locations":[{"start":{"line":93,"column":130},"end":{"line":93,"column":148}},{"start":{"line":93,"column":151},"end":{"line":93,"column":153}}],"line":93},"18":{"loc":{"start":{"line":96,"column":136},"end":{"line":96,"column":243}},"type":"cond-expr","locations":[{"start":{"line":96,"column":197},"end":{"line":96,"column":218}},{"start":{"line":96,"column":221},"end":{"line":96,"column":243}}],"line":96}},"s":{"0":1,"1":1,"2":1,"3":1,"4":1,"5":0,"6":0,"7":1,"8":0,"9":0,"10":0,"11":0,"12":0,"13":0,"14":0,"15":0,"16":0,"17":0,"18":0,"19":0,"20":0,"21":0,"22":0,"23":0,"24":0,"25":2,"26":2,"27":2,"28":2,"29":2,"30":2,"31":0,"32":0,"33":0,"34":2,"35":0,"36":0},"f":{"0":1,"1":1,"2":1,"3":0,"4":0,"5":0,"6":2,"7":0,"8":0,"9":0,"10":2,"11":0,"12":0},"b":{"0":[0,1],"1":[0,1],"2":[0,0],"3":[0,1],"4":[0,0],"5":[0,0],"6":[0,0],"7":[0,0],"8":[0,0],"9":[0,0],"10":[0,0],"11":[0,0],"12":[0,0],"13":[2,0],"14":[0,2],"15":[0,2],"16":[0,2],"17":[0,2],"18":[0,2]},"_coverageSchema":"1a1c01bbd47fc00a2c39e90264f33305004495a9","hash":"bb19455c0cbfcfdaf4673e1abae8971ad6cee361"}
,"/home/nmai601/hrla42/FEC/client/src/components/Product Detail/EndInfo.jsx": {"path":"/home/nmai601/hrla42/FEC/client/src/components/Product Detail/EndInfo.jsx","statementMap":{"0":{"start":{"line":6,"column":14},"end":{"line":22,"column":1}},"1":{"start":{"line":7,"column":2},"end":{"line":20,"column":8}},"2":{"start":{"line":14,"column":8},"end":{"line":17,"column":14}}},"fnMap":{"0":{"name":"(anonymous_0)","decl":{"start":{"line":6,"column":14},"end":{"line":6,"column":15}},"loc":{"start":{"line":7,"column":2},"end":{"line":20,"column":8}},"line":7},"1":{"name":"(anonymous_1)","decl":{"start":{"line":13,"column":34},"end":{"line":13,"column":35}},"loc":{"start":{"line":14,"column":8},"end":{"line":17,"column":14}},"line":14}},"branchMap":{},"s":{"0":1,"1":1,"2":1},"f":{"0":1,"1":1},"b":{},"_coverageSchema":"1a1c01bbd47fc00a2c39e90264f33305004495a9","hash":"d5aa18924ac3c302c0bd84b4ee787955c6b00d65"}
,"/home/nmai601/hrla42/FEC/client/src/components/Product Detail/ExpandedView.jsx": {"path":"/home/nmai601/hrla42/FEC/client/src/components/Product Detail/ExpandedView.jsx","statementMap":{"0":{"start":{"line":12,"column":4},"end":{"line":12,"column":17}},"1":{"start":{"line":13,"column":4},"end":{"line":19,"column":6}},"2":{"start":{"line":20,"column":4},"end":{"line":20,"column":51}},"3":{"start":{"line":24,"column":4},"end":{"line":24,"column":51}},"4":{"start":{"line":28,"column":41},"end":{"line":28,"column":73}},"5":{"start":{"line":29,"column":14},"end":{"line":29,"column":44}},"6":{"start":{"line":30,"column":14},"end":{"line":30,"column":44}},"7":{"start":{"line":31,"column":4},"end":{"line":31,"column":56}},"8":{"start":{"line":35,"column":4},"end":{"line":58,"column":5}},"9":{"start":{"line":36,"column":6},"end":{"line":36,"column":40}},"10":{"start":{"line":37,"column":6},"end":{"line":41,"column":8}},"11":{"start":{"line":43,"column":6},"end":{"line":57,"column":7}},"12":{"start":{"line":44,"column":8},"end":{"line":44,"column":86}},"13":{"start":{"line":45,"column":8},"end":{"line":49,"column":10}},"14":{"start":{"line":51,"column":8},"end":{"line":51,"column":86}},"15":{"start":{"line":52,"column":8},"end":{"line":56,"column":10}},"16":{"start":{"line":62,"column":4},"end":{"line":91,"column":6}},"17":{"start":{"line":74,"column":18},"end":{"line":76,"column":63}},"18":{"start":{"line":76,"column":36},"end":{"line":76,"column":59}},"19":{"start":{"line":80,"column":193},"end":{"line":80,"column":227}},"20":{"start":{"line":82,"column":226},"end":{"line":82,"column":259}}},"fnMap":{"0":{"name":"(anonymous_0)","decl":{"start":{"line":11,"column":2},"end":{"line":11,"column":3}},"loc":{"start":{"line":11,"column":21},"end":{"line":21,"column":3}},"line":11},"1":{"name":"(anonymous_1)","decl":{"start":{"line":23,"column":2},"end":{"line":23,"column":3}},"loc":{"start":{"line":23,"column":15},"end":{"line":25,"column":3}},"line":23},"2":{"name":"(anonymous_2)","decl":{"start":{"line":27,"column":2},"end":{"line":27,"column":3}},"loc":{"start":{"line":27,"column":21},"end":{"line":32,"column":3}},"line":27},"3":{"name":"(anonymous_3)","decl":{"start":{"line":34,"column":2},"end":{"line":34,"column":3}},"loc":{"start":{"line":34,"column":32},"end":{"line":59,"column":3}},"line":34},"4":{"name":"(anonymous_4)","decl":{"start":{"line":61,"column":2},"end":{"line":61,"column":3}},"loc":{"start":{"line":61,"column":11},"end":{"line":92,"column":3}},"line":61},"5":{"name":"(anonymous_5)","decl":{"start":{"line":73,"column":45},"end":{"line":73,"column":46}},"loc":{"start":{"line":74,"column":18},"end":{"line":76,"column":63}},"line":74},"6":{"name":"(anonymous_6)","decl":{"start":{"line":76,"column":29},"end":{"line":76,"column":30}},"loc":{"start":{"line":76,"column":35},"end":{"line":76,"column":60}},"line":76},"7":{"name":"(anonymous_7)","decl":{"start":{"line":80,"column":186},"end":{"line":80,"column":187}},"loc":{"start":{"line":80,"column":192},"end":{"line":80,"column":228}},"line":80},"8":{"name":"(anonymous_8)","decl":{"start":{"line":82,"column":219},"end":{"line":82,"column":220}},"loc":{"start":{"line":82,"column":225},"end":{"line":82,"column":260}},"line":82}},"branchMap":{"0":{"loc":{"start":{"line":35,"column":4},"end":{"line":58,"column":5}},"type":"if","locations":[{"start":{"line":35,"column":4},"end":{"line":58,"column":5}},{"start":{"line":35,"column":4},"end":{"line":58,"column":5}}],"line":35},"1":{"loc":{"start":{"line":43,"column":6},"end":{"line":57,"column":7}},"type":"if","locations":[{"start":{"line":43,"column":6},"end":{"line":57,"column":7}},{"start":{"line":43,"column":6},"end":{"line":57,"column":7}}],"line":43},"2":{"loc":{"start":{"line":64,"column":11},"end":{"line":86,"column":18}},"type":"cond-expr","locations":[{"start":{"line":65,"column":12},"end":{"line":69,"column":18}},{"start":{"line":71,"column":12},"end":{"line":86,"column":18}}],"line":64},"3":{"loc":{"start":{"line":71,"column":24},"end":{"line":71,"column":89}},"type":"cond-expr","locations":[{"start":{"line":71,"column":44},"end":{"line":71,"column":66}},{"start":{"line":71,"column":69},"end":{"line":71,"column":89}}],"line":71},"4":{"loc":{"start":{"line":75,"column":29},"end":{"line":75,"column":103}},"type":"cond-expr","locations":[{"start":{"line":75,"column":61},"end":{"line":75,"column":81}},{"start":{"line":75,"column":83},"end":{"line":75,"column":103}}],"line":75},"5":{"loc":{"start":{"line":80,"column":99},"end":{"line":80,"column":175}},"type":"cond-expr","locations":[{"start":{"line":80,"column":129},"end":{"line":80,"column":150}},{"start":{"line":80,"column":153},"end":{"line":80,"column":175}}],"line":80},"6":{"loc":{"start":{"line":82,"column":101},"end":{"line":82,"column":208}},"type":"cond-expr","locations":[{"start":{"line":82,"column":162},"end":{"line":82,"column":183}},{"start":{"line":82,"column":186},"end":{"line":82,"column":208}}],"line":82}},"s":{"0":1,"1":1,"2":1,"3":0,"4":0,"5":0,"6":0,"7":0,"8":0,"9":0,"10":0,"11":0,"12":0,"13":0,"14":0,"15":0,"16":1,"17":1,"18":0,"19":0,"20":0},"f":{"0":1,"1":0,"2":0,"3":0,"4":1,"5":1,"6":0,"7":0,"8":0},"b":{"0":[0,0],"1":[0,0],"2":[0,1],"3":[0,1],"4":[0,1],"5":[0,1],"6":[0,1]},"_coverageSchema":"1a1c01bbd47fc00a2c39e90264f33305004495a9","hash":"7c527aa92687d5d2f0ea83b0e1772b5115e9d084"}
,"/home/nmai601/hrla42/FEC/client/src/components/Product Detail/Main.jsx": {"path":"/home/nmai601/hrla42/FEC/client/src/components/Product Detail/Main.jsx","statementMap":{"0":{"start":{"line":15,"column":4},"end":{"line":15,"column":17}},"1":{"start":{"line":16,"column":4},"end":{"line":24,"column":6}},"2":{"start":{"line":28,"column":4},"end":{"line":37,"column":5}},"3":{"start":{"line":29,"column":6},"end":{"line":36,"column":7}},"4":{"start":{"line":49,"column":4},"end":{"line":49,"column":26}},"5":{"start":{"line":53,"column":4},"end":{"line":53,"column":37}},"6":{"start":{"line":57,"column":4},"end":{"line":57,"column":47}},"7":{"start":{"line":61,"column":4},"end":{"line":98,"column":5}},"8":{"start":{"line":63,"column":6},"end":{"line":73,"column":7}},"9":{"start":{"line":64,"column":8},"end":{"line":68,"column":53}},"10":{"start":{"line":69,"column":8},"end":{"line":69,"column":48}},"11":{"start":{"line":71,"column":8},"end":{"line":71,"column":20}},"12":{"start":{"line":72,"column":8},"end":{"line":72,"column":49}},"13":{"start":{"line":74,"column":6},"end":{"line":93,"column":8}},"14":{"start":{"line":95,"column":6},"end":{"line":97,"column":7}}},"fnMap":{"0":{"name":"(anonymous_0)","decl":{"start":{"line":14,"column":2},"end":{"line":14,"column":3}},"loc":{"start":{"line":14,"column":21},"end":{"line":25,"column":3}},"line":14},"1":{"name":"(anonymous_1)","decl":{"start":{"line":27,"column":2},"end":{"line":27,"column":3}},"loc":{"start":{"line":27,"column":31},"end":{"line":38,"column":3}},"line":27},"2":{"name":"(anonymous_2)","decl":{"start":{"line":48,"column":2},"end":{"line":48,"column":3}},"loc":{"start":{"line":48,"column":21},"end":{"line":50,"column":3}},"line":48},"3":{"name":"(anonymous_3)","decl":{"start":{"line":52,"column":2},"end":{"line":52,"column":3}},"loc":{"start":{"line":52,"column":26},"end":{"line":54,"column":3}},"line":52},"4":{"name":"(anonymous_4)","decl":{"start":{"line":56,"column":2},"end":{"line":56,"column":3}},"loc":{"start":{"line":56,"column":15},"end":{"line":58,"column":3}},"line":56},"5":{"name":"(anonymous_5)","decl":{"start":{"line":60,"column":2},"end":{"line":60,"column":3}},"loc":{"start":{"line":60,"column":11},"end":{"line":99,"column":3}},"line":60}},"branchMap":{"0":{"loc":{"start":{"line":28,"column":4},"end":{"line":37,"column":5}},"type":"if","locations":[{"start":{"line":28,"column":4},"end":{"line":37,"column":5}},{"start":{"line":28,"column":4},"end":{"line":37,"column":5}}],"line":28},"1":{"loc":{"start":{"line":28,"column":7},"end":{"line":28,"column":95}},"type":"binary-expr","locations":[{"start":{"line":28,"column":7},"end":{"line":28,"column":47}},{"start":{"line":28,"column":51},"end":{"line":28,"column":95}}],"line":28},"2":{"loc":{"start":{"line":61,"column":4},"end":{"line":98,"column":5}},"type":"if","locations":[{"start":{"line":61,"column":4},"end":{"line":98,"column":5}},{"start":{"line":61,"column":4},"end":{"line":98,"column":5}}],"line":61},"3":{"loc":{"start":{"line":61,"column":7},"end":{"line":61,"column":45}},"type":"binary-expr","locations":[{"start":{"line":61,"column":7},"end":{"line":61,"column":23}},{"start":{"line":61,"column":27},"end":{"line":61,"column":45}}],"line":61},"4":{"loc":{"start":{"line":63,"column":6},"end":{"line":73,"column":7}},"type":"if","locations":[{"start":{"line":63,"column":6},"end":{"line":73,"column":7}},{"start":{"line":63,"column":6},"end":{"line":73,"column":7}}],"line":63}},"s":{"0":2,"1":2,"2":0,"3":0,"4":0,"5":0,"6":0,"7":0,"8":0,"9":0,"10":0,"11":0,"12":0,"13":0,"14":0},"f":{"0":2,"1":0,"2":0,"3":0,"4":0,"5":0},"b":{"0":[0,0],"1":[0,0],"2":[0,0],"3":[0,0],"4":[0,0]},"_coverageSchema":"1a1c01bbd47fc00a2c39e90264f33305004495a9","hash":"f434cb66ed045e9b0726e9ce953caab2776f6d58"}
,"/home/nmai601/hrla42/FEC/client/src/components/Product Detail/ProductInfo.jsx": {"path":"/home/nmai601/hrla42/FEC/client/src/components/Product Detail/ProductInfo.jsx","statementMap":{"0":{"start":{"line":12,"column":4},"end":{"line":12,"column":17}},"1":{"start":{"line":13,"column":4},"end":{"line":16,"column":6}},"2":{"start":{"line":17,"column":4},"end":{"line":17,"column":47}},"3":{"start":{"line":21,"column":4},"end":{"line":21,"column":21}},"4":{"start":{"line":24,"column":4},"end":{"line":26,"column":5}},"5":{"start":{"line":25,"column":6},"end":{"line":25,"column":23}},"6":{"start":{"line":30,"column":4},"end":{"line":40,"column":37}},"7":{"start":{"line":32,"column":18},"end":{"line":32,"column":19}},"8":{"start":{"line":33,"column":18},"end":{"line":33,"column":19}},"9":{"start":{"line":34,"column":6},"end":{"line":37,"column":7}},"10":{"start":{"line":35,"column":8},"end":{"line":35,"column":55}},"11":{"start":{"line":36,"column":8},"end":{"line":36,"column":69}},"12":{"start":{"line":38,"column":6},"end":{"line":38,"column":91}},"13":{"start":{"line":40,"column":18},"end":{"line":40,"column":36}},"14":{"start":{"line":44,"column":4},"end":{"line":61,"column":3}},"15":{"start":{"line":45,"column":6},"end":{"line":58,"column":8}},"16":{"start":{"line":60,"column":4},"end":{"line":60,"column":24}}},"fnMap":{"0":{"name":"(anonymous_0)","decl":{"start":{"line":11,"column":2},"end":{"line":11,"column":3}},"loc":{"start":{"line":11,"column":21},"end":{"line":18,"column":3}},"line":11},"1":{"name":"(anonymous_1)","decl":{"start":{"line":20,"column":2},"end":{"line":20,"column":3}},"loc":{"start":{"line":20,"column":21},"end":{"line":22,"column":3}},"line":20},"2":{"name":"(anonymous_2)","decl":{"start":{"line":23,"column":2},"end":{"line":23,"column":3}},"loc":{"start":{"line":23,"column":31},"end":{"line":27,"column":3}},"line":23},"3":{"name":"(anonymous_3)","decl":{"start":{"line":29,"column":2},"end":{"line":29,"column":3}},"loc":{"start":{"line":29,"column":13},"end":{"line":41,"column":3}},"line":29},"4":{"name":"(anonymous_4)","decl":{"start":{"line":31,"column":10},"end":{"line":31,"column":11}},"loc":{"start":{"line":31,"column":24},"end":{"line":39,"column":5}},"line":31},"5":{"name":"(anonymous_5)","decl":{"start":{"line":40,"column":11},"end":{"line":40,"column":12}},"loc":{"start":{"line":40,"column":18},"end":{"line":40,"column":36}},"line":40},"6":{"name":"(anonymous_6)","decl":{"start":{"line":43,"column":2},"end":{"line":43,"column":3}},"loc":{"start":{"line":43,"column":11},"end":{"line":62,"column":1}},"line":43}},"branchMap":{"0":{"loc":{"start":{"line":24,"column":4},"end":{"line":26,"column":5}},"type":"if","locations":[{"start":{"line":24,"column":4},"end":{"line":26,"column":5}},{"start":{"line":24,"column":4},"end":{"line":26,"column":5}}],"line":24},"1":{"loc":{"start":{"line":44,"column":4},"end":{"line":61,"column":3}},"type":"if","locations":[{"start":{"line":44,"column":4},"end":{"line":61,"column":3}},{"start":{"line":44,"column":4},"end":{"line":61,"column":3}}],"line":44},"2":{"loc":{"start":{"line":47,"column":42},"end":{"line":47,"column":109}},"type":"cond-expr","locations":[{"start":{"line":47,"column":63},"end":{"line":47,"column":85}},{"start":{"line":47,"column":88},"end":{"line":47,"column":109}}],"line":47}},"s":{"0":1,"1":1,"2":1,"3":1,"4":0,"5":0,"6":1,"7":0,"8":0,"9":0,"10":0,"11":0,"12":0,"13":0,"14":1,"15":1,"16":0},"f":{"0":1,"1":1,"2":0,"3":1,"4":0,"5":0,"6":1},"b":{"0":[0,0],"1":[1,0],"2":[0,1]},"_coverageSchema":"1a1c01bbd47fc00a2c39e90264f33305004495a9","hash":"0b361a67414e2691969fa5827cb4b6530b9d953c"}
,"/home/nmai601/hrla42/FEC/client/src/components/Product Detail/Share.jsx": {"path":"/home/nmai601/hrla42/FEC/client/src/components/Product Detail/Share.jsx","statementMap":{"0":{"start":{"line":9,"column":12},"end":{"line":18,"column":1}},"1":{"start":{"line":10,"column":2},"end":{"line":16,"column":8}}},"fnMap":{"0":{"name":"(anonymous_0)","decl":{"start":{"line":9,"column":12},"end":{"line":9,"column":13}},"loc":{"start":{"line":10,"column":2},"end":{"line":16,"column":8}},"line":10}},"branchMap":{},"s":{"0":1,"1":1},"f":{"0":1},"b":{},"_coverageSchema":"1a1c01bbd47fc00a2c39e90264f33305004495a9","hash":"c4e451d6f7238051d166b246882d1c8562056b14"}
,"/home/nmai601/hrla42/FEC/client/src/components/Product Detail/StyleSelector.jsx": {"path":"/home/nmai601/hrla42/FEC/client/src/components/Product Detail/StyleSelector.jsx","statementMap":{"0":{"start":{"line":8,"column":4},"end":{"line":8,"column":17}},"1":{"start":{"line":9,"column":4},"end":{"line":12,"column":6}},"2":{"start":{"line":16,"column":4},"end":{"line":38,"column":6}},"3":{"start":{"line":26,"column":12},"end":{"line":26,"column":134}},"4":{"start":{"line":27,"column":12},"end":{"line":32,"column":13}},"5":{"start":{"line":29,"column":71},"end":{"line":29,"column":100}}},"fnMap":{"0":{"name":"(anonymous_0)","decl":{"start":{"line":7,"column":2},"end":{"line":7,"column":3}},"loc":{"start":{"line":7,"column":21},"end":{"line":13,"column":3}},"line":7},"1":{"name":"(anonymous_1)","decl":{"start":{"line":15,"column":2},"end":{"line":15,"column":3}},"loc":{"start":{"line":15,"column":11},"end":{"line":39,"column":3}},"line":15},"2":{"name":"(anonymous_2)","decl":{"start":{"line":24,"column":33},"end":{"line":24,"column":34}},"loc":{"start":{"line":24,"column":49},"end":{"line":33,"column":11}},"line":24},"3":{"name":"(anonymous_3)","decl":{"start":{"line":29,"column":66},"end":{"line":29,"column":67}},"loc":{"start":{"line":29,"column":71},"end":{"line":29,"column":100}},"line":29}},"branchMap":{"0":{"loc":{"start":{"line":19,"column":21},"end":{"line":19,"column":110}},"type":"cond-expr","locations":[{"start":{"line":19,"column":51},"end":{"line":19,"column":83}},{"start":{"line":19,"column":86},"end":{"line":19,"column":110}}],"line":19},"1":{"loc":{"start":{"line":20,"column":21},"end":{"line":20,"column":112}},"type":"cond-expr","locations":[{"start":{"line":20,"column":51},"end":{"line":20,"column":87}},{"start":{"line":20,"column":90},"end":{"line":20,"column":112}}],"line":20},"2":{"loc":{"start":{"line":26,"column":12},"end":{"line":26,"column":133}},"type":"cond-expr","locations":[{"start":{"line":26,"column":41},"end":{"line":26,"column":118}},{"start":{"line":26,"column":120},"end":{"line":26,"column":133}}],"line":26},"3":{"loc":{"start":{"line":28,"column":32},"end":{"line":28,"column":121}},"type":"cond-expr","locations":[{"start":{"line":28,"column":61},"end":{"line":28,"column":100}},{"start":{"line":28,"column":103},"end":{"line":28,"column":121}}],"line":28}},"s":{"0":1,"1":1,"2":1,"3":1,"4":1,"5":0},"f":{"0":1,"1":1,"2":1,"3":0},"b":{"0":[0,1],"1":[0,1],"2":[1,0],"3":[1,0]},"_coverageSchema":"1a1c01bbd47fc00a2c39e90264f33305004495a9","hash":"ab5acf163f3e3154e53518f5dcb175dc2ff172a4"}
,"/home/nmai601/hrla42/FEC/client/src/components/Questions Answers/Answer.jsx": {"path":"/home/nmai601/hrla42/FEC/client/src/components/Questions Answers/Answer.jsx","statementMap":{"0":{"start":{"line":10,"column":4},"end":{"line":10,"column":17}},"1":{"start":{"line":11,"column":4},"end":{"line":14,"column":6}},"2":{"start":{"line":15,"column":4},"end":{"line":15,"column":69}},"3":{"start":{"line":16,"column":4},"end":{"line":16,"column":63}},"4":{"start":{"line":20,"column":35},"end":{"line":20,"column":45}},"5":{"start":{"line":21,"column":25},"end":{"line":21,"column":35}},"6":{"start":{"line":22,"column":4},"end":{"line":24,"column":5}},"7":{"start":{"line":23,"column":6},"end":{"line":23,"column":13}},"8":{"start":{"line":25,"column":4},"end":{"line":25,"column":43}},"9":{"start":{"line":26,"column":4},"end":{"line":31,"column":42}},"10":{"start":{"line":28,"column":8},"end":{"line":28,"column":42}},"11":{"start":{"line":29,"column":8},"end":{"line":29,"column":21}},"12":{"start":{"line":31,"column":22},"end":{"line":31,"column":40}},"13":{"start":{"line":35,"column":23},"end":{"line":35,"column":33}},"14":{"start":{"line":36,"column":25},"end":{"line":36,"column":35}},"15":{"start":{"line":37,"column":4},"end":{"line":39,"column":5}},"16":{"start":{"line":38,"column":6},"end":{"line":38,"column":13}},"17":{"start":{"line":40,"column":4},"end":{"line":40,"column":43}},"18":{"start":{"line":41,"column":4},"end":{"line":45,"column":42}},"19":{"start":{"line":43,"column":8},"end":{"line":43,"column":42}},"20":{"start":{"line":45,"column":22},"end":{"line":45,"column":40}},"21":{"start":{"line":49,"column":23},"end":{"line":49,"column":33}},"22":{"start":{"line":50,"column":35},"end":{"line":50,"column":45}},"23":{"start":{"line":51,"column":23},"end":{"line":51,"column":47}},"24":{"start":{"line":53,"column":4},"end":{"line":98,"column":6}},"25":{"start":{"line":61,"column":14},"end":{"line":61,"column":52}}},"fnMap":{"0":{"name":"(anonymous_0)","decl":{"start":{"line":9,"column":2},"end":{"line":9,"column":3}},"loc":{"start":{"line":9,"column":21},"end":{"line":17,"column":3}},"line":9},"1":{"name":"(anonymous_1)","decl":{"start":{"line":19,"column":2},"end":{"line":19,"column":3}},"loc":{"start":{"line":19,"column":26},"end":{"line":32,"column":3}},"line":19},"2":{"name":"(anonymous_2)","decl":{"start":{"line":27,"column":12},"end":{"line":27,"column":13}},"loc":{"start":{"line":27,"column":18},"end":{"line":30,"column":7}},"line":27},"3":{"name":"(anonymous_3)","decl":{"start":{"line":31,"column":13},"end":{"line":31,"column":14}},"loc":{"start":{"line":31,"column":22},"end":{"line":31,"column":40}},"line":31},"4":{"name":"(anonymous_4)","decl":{"start":{"line":34,"column":2},"end":{"line":34,"column":3}},"loc":{"start":{"line":34,"column":23},"end":{"line":46,"column":3}},"line":34},"5":{"name":"(anonymous_5)","decl":{"start":{"line":42,"column":12},"end":{"line":42,"column":13}},"loc":{"start":{"line":42,"column":18},"end":{"line":44,"column":7}},"line":42},"6":{"name":"(anonymous_6)","decl":{"start":{"line":45,"column":13},"end":{"line":45,"column":14}},"loc":{"start":{"line":45,"column":22},"end":{"line":45,"column":40}},"line":45},"7":{"name":"(anonymous_7)","decl":{"start":{"line":48,"column":2},"end":{"line":48,"column":3}},"loc":{"start":{"line":48,"column":11},"end":{"line":99,"column":3}},"line":48},"8":{"name":"(anonymous_8)","decl":{"start":{"line":60,"column":31},"end":{"line":60,"column":32}},"loc":{"start":{"line":61,"column":14},"end":{"line":61,"column":52}},"line":61}},"branchMap":{"0":{"loc":{"start":{"line":22,"column":4},"end":{"line":24,"column":5}},"type":"if","locations":[{"start":{"line":22,"column":4},"end":{"line":24,"column":5}},{"start":{"line":22,"column":4},"end":{"line":24,"column":5}}],"line":22},"1":{"loc":{"start":{"line":37,"column":4},"end":{"line":39,"column":5}},"type":"if","locations":[{"start":{"line":37,"column":4},"end":{"line":39,"column":5}},{"start":{"line":37,"column":4},"end":{"line":39,"column":5}}],"line":37},"2":{"loc":{"start":{"line":58,"column":9},"end":{"line":64,"column":9}},"type":"binary-expr","locations":[{"start":{"line":58,"column":9},"end":{"line":58,"column":19}},{"start":{"line":59,"column":10},"end":{"line":63,"column":16}}],"line":58},"3":{"loc":{"start":{"line":93,"column":15},"end":{"line":93,"column":47}},"type":"cond-expr","locations":[{"start":{"line":93,"column":26},"end":{"line":93,"column":36}},{"start":{"line":93,"column":39},"end":{"line":93,"column":47}}],"line":93}},"s":{"0":0,"1":0,"2":0,"3":0,"4":0,"5":0,"6":0,"7":0,"8":0,"9":0,"10":0,"11":0,"12":0,"13":0,"14":0,"15":0,"16":0,"17":0,"18":0,"19":0,"20":0,"21":0,"22":0,"23":0,"24":0,"25":0},"f":{"0":0,"1":0,"2":0,"3":0,"4":0,"5":0,"6":0,"7":0,"8":0},"b":{"0":[0,0],"1":[0,0],"2":[0,0],"3":[0,0]},"_coverageSchema":"1a1c01bbd47fc00a2c39e90264f33305004495a9","hash":"f7d4cc2c78f90b109928bc685582bdbe59b1456c"}
,"/home/nmai601/hrla42/FEC/client/src/components/Questions Answers/AnswerList.jsx": {"path":"/home/nmai601/hrla42/FEC/client/src/components/Questions Answers/AnswerList.jsx","statementMap":{"0":{"start":{"line":5,"column":19},"end":{"line":52,"column":1}},"1":{"start":{"line":6,"column":34},"end":{"line":6,"column":49}},"2":{"start":{"line":7,"column":34},"end":{"line":7,"column":39}},"3":{"start":{"line":8,"column":21},"end":{"line":8,"column":40}},"4":{"start":{"line":9,"column":17},"end":{"line":9,"column":35}},"5":{"start":{"line":11,"column":2},"end":{"line":31,"column":3}},"6":{"start":{"line":12,"column":4},"end":{"line":30,"column":6}},"7":{"start":{"line":20,"column":14},"end":{"line":24,"column":16}},"8":{"start":{"line":28,"column":62},"end":{"line":28,"column":84}},"9":{"start":{"line":32,"column":2},"end":{"line":51,"column":4}},"10":{"start":{"line":40,"column":12},"end":{"line":44,"column":14}},"11":{"start":{"line":49,"column":65},"end":{"line":49,"column":87}}},"fnMap":{"0":{"name":"(anonymous_0)","decl":{"start":{"line":5,"column":19},"end":{"line":5,"column":20}},"loc":{"start":{"line":5,"column":30},"end":{"line":52,"column":1}},"line":5},"1":{"name":"(anonymous_1)","decl":{"start":{"line":19,"column":25},"end":{"line":19,"column":26}},"loc":{"start":{"line":20,"column":14},"end":{"line":24,"column":16}},"line":20},"2":{"name":"(anonymous_2)","decl":{"start":{"line":28,"column":56},"end":{"line":28,"column":57}},"loc":{"start":{"line":28,"column":62},"end":{"line":28,"column":84}},"line":28},"3":{"name":"(anonymous_3)","decl":{"start":{"line":39,"column":26},"end":{"line":39,"column":27}},"loc":{"start":{"line":40,"column":12},"end":{"line":44,"column":14}},"line":40},"4":{"name":"(anonymous_4)","decl":{"start":{"line":49,"column":59},"end":{"line":49,"column":60}},"loc":{"start":{"line":49,"column":65},"end":{"line":49,"column":87}},"line":49}},"branchMap":{"0":{"loc":{"start":{"line":11,"column":2},"end":{"line":31,"column":3}},"type":"if","locations":[{"start":{"line":11,"column":2},"end":{"line":31,"column":3}},{"start":{"line":11,"column":2},"end":{"line":31,"column":3}}],"line":11},"1":{"loc":{"start":{"line":48,"column":7},"end":{"line":49,"column":115}},"type":"binary-expr","locations":[{"start":{"line":48,"column":7},"end":{"line":48,"column":13}},{"start":{"line":49,"column":11},"end":{"line":49,"column":115}}],"line":48}},"s":{"0":1,"1":3,"2":3,"3":3,"4":3,"5":3,"6":0,"7":0,"8":0,"9":3,"10":0,"11":0},"f":{"0":3,"1":0,"2":0,"3":0,"4":0},"b":{"0":[0,3],"1":[3,0]},"_coverageSchema":"1a1c01bbd47fc00a2c39e90264f33305004495a9","hash":"add8ee5b0b64fd7772f4452f5f9d3d1560d9f5a6"}
,"/home/nmai601/hrla42/FEC/client/src/components/Questions Answers/AnswerModal.jsx": {"path":"/home/nmai601/hrla42/FEC/client/src/components/Questions Answers/AnswerModal.jsx","statementMap":{"0":{"start":{"line":13,"column":17},"end":{"line":13,"column":72}},"1":{"start":{"line":14,"column":15},"end":{"line":14,"column":25}},"2":{"start":{"line":16,"column":15},"end":{"line":20,"column":2}},"3":{"start":{"line":24,"column":4},"end":{"line":24,"column":17}},"4":{"start":{"line":25,"column":4},"end":{"line":31,"column":6}},"5":{"start":{"line":32,"column":4},"end":{"line":32,"column":53}},"6":{"start":{"line":33,"column":4},"end":{"line":33,"column":53}},"7":{"start":{"line":34,"column":4},"end":{"line":34,"column":61}},"8":{"start":{"line":35,"column":4},"end":{"line":35,"column":59}},"9":{"start":{"line":39,"column":21},"end":{"line":39,"column":31}},"10":{"start":{"line":40,"column":4},"end":{"line":47,"column":5}},"11":{"start":{"line":41,"column":6},"end":{"line":46,"column":9}},"12":{"start":{"line":51,"column":22},"end":{"line":51,"column":30}},"13":{"start":{"line":52,"column":21},"end":{"line":52,"column":29}},"14":{"start":{"line":53,"column":4},"end":{"line":55,"column":7}},"15":{"start":{"line":59,"column":22},"end":{"line":59,"column":32}},"16":{"start":{"line":60,"column":4},"end":{"line":71,"column":9}},"17":{"start":{"line":61,"column":6},"end":{"line":68,"column":8}},"18":{"start":{"line":62,"column":23},"end":{"line":62,"column":39}},"19":{"start":{"line":63,"column":8},"end":{"line":65,"column":11}},"20":{"start":{"line":64,"column":10},"end":{"line":64,"column":45}},"21":{"start":{"line":66,"column":8},"end":{"line":66,"column":49}},"22":{"start":{"line":67,"column":8},"end":{"line":67,"column":35}},"23":{"start":{"line":70,"column":8},"end":{"line":70,"column":55}},"24":{"start":{"line":75,"column":52},"end":{"line":75,"column":62}},"25":{"start":{"line":78,"column":8},"end":{"line":78,"column":18}},"26":{"start":{"line":79,"column":21},"end":{"line":79,"column":23}},"27":{"start":{"line":80,"column":4},"end":{"line":80,"column":23}},"28":{"start":{"line":82,"column":4},"end":{"line":84,"column":5}},"29":{"start":{"line":82,"column":17},"end":{"line":82,"column":18}},"30":{"start":{"line":83,"column":6},"end":{"line":83,"column":56}},"31":{"start":{"line":86,"column":4},"end":{"line":105,"column":42}},"32":{"start":{"line":88,"column":8},"end":{"line":103,"column":11}},"33":{"start":{"line":89,"column":10},"end":{"line":102,"column":49}},"34":{"start":{"line":96,"column":14},"end":{"line":100,"column":19}},"35":{"start":{"line":98,"column":18},"end":{"line":98,"column":31}},"36":{"start":{"line":99,"column":18},"end":{"line":99,"column":32}},"37":{"start":{"line":102,"column":29},"end":{"line":102,"column":46}},"38":{"start":{"line":105,"column":22},"end":{"line":105,"column":40}},"39":{"start":{"line":109,"column":4},"end":{"line":118,"column":6}},"40":{"start":{"line":115,"column":10},"end":{"line":115,"column":27}},"41":{"start":{"line":117,"column":24},"end":{"line":117,"column":27}},"42":{"start":{"line":122,"column":34},"end":{"line":122,"column":44}},"43":{"start":{"line":125,"column":8},"end":{"line":125,"column":18}},"44":{"start":{"line":127,"column":4},"end":{"line":129,"column":5}},"45":{"start":{"line":128,"column":6},"end":{"line":128,"column":18}},"46":{"start":{"line":130,"column":4},"end":{"line":199,"column":6}},"47":{"start":{"line":188,"column":16},"end":{"line":188,"column":59}}},"fnMap":{"0":{"name":"(anonymous_0)","decl":{"start":{"line":23,"column":2},"end":{"line":23,"column":3}},"loc":{"start":{"line":23,"column":21},"end":{"line":36,"column":3}},"line":23},"1":{"name":"(anonymous_1)","decl":{"start":{"line":38,"column":2},"end":{"line":38,"column":3}},"loc":{"start":{"line":38,"column":32},"end":{"line":48,"column":3}},"line":38},"2":{"name":"(anonymous_2)","decl":{"start":{"line":50,"column":2},"end":{"line":50,"column":3}},"loc":{"start":{"line":50,"column":18},"end":{"line":56,"column":3}},"line":50},"3":{"name":"(anonymous_3)","decl":{"start":{"line":58,"column":2},"end":{"line":58,"column":3}},"loc":{"start":{"line":58,"column":22},"end":{"line":72,"column":3}},"line":58},"4":{"name":"(anonymous_4)","decl":{"start":{"line":60,"column":40},"end":{"line":60,"column":41}},"loc":{"start":{"line":61,"column":6},"end":{"line":68,"column":8}},"line":61},"5":{"name":"(anonymous_5)","decl":{"start":{"line":61,"column":18},"end":{"line":61,"column":19}},"loc":{"start":{"line":61,"column":39},"end":{"line":68,"column":7}},"line":61},"6":{"name":"(anonymous_6)","decl":{"start":{"line":63,"column":40},"end":{"line":63,"column":41}},"loc":{"start":{"line":63,"column":48},"end":{"line":65,"column":9}},"line":63},"7":{"name":"(anonymous_7)","decl":{"start":{"line":69,"column":12},"end":{"line":69,"column":13}},"loc":{"start":{"line":69,"column":24},"end":{"line":71,"column":7}},"line":69},"8":{"name":"(anonymous_8)","decl":{"start":{"line":74,"column":2},"end":{"line":74,"column":3}},"loc":{"start":{"line":74,"column":18},"end":{"line":106,"column":3}},"line":74},"9":{"name":"(anonymous_9)","decl":{"start":{"line":87,"column":12},"end":{"line":87,"column":13}},"loc":{"start":{"line":87,"column":25},"end":{"line":104,"column":7}},"line":87},"10":{"name":"(anonymous_10)","decl":{"start":{"line":88,"column":47},"end":{"line":88,"column":48}},"loc":{"start":{"line":88,"column":53},"end":{"line":103,"column":9}},"line":88},"11":{"name":"(anonymous_11)","decl":{"start":{"line":95,"column":18},"end":{"line":95,"column":19}},"loc":{"start":{"line":95,"column":29},"end":{"line":101,"column":13}},"line":95},"12":{"name":"(anonymous_12)","decl":{"start":{"line":97,"column":22},"end":{"line":97,"column":23}},"loc":{"start":{"line":97,"column":28},"end":{"line":100,"column":17}},"line":97},"13":{"name":"(anonymous_13)","decl":{"start":{"line":102,"column":19},"end":{"line":102,"column":20}},"loc":{"start":{"line":102,"column":29},"end":{"line":102,"column":46}},"line":102},"14":{"name":"(anonymous_14)","decl":{"start":{"line":105,"column":13},"end":{"line":105,"column":14}},"loc":{"start":{"line":105,"column":22},"end":{"line":105,"column":40}},"line":105},"15":{"name":"(anonymous_15)","decl":{"start":{"line":108,"column":2},"end":{"line":108,"column":3}},"loc":{"start":{"line":108,"column":26},"end":{"line":119,"column":3}},"line":108},"16":{"name":"(anonymous_16)","decl":{"start":{"line":114,"column":14},"end":{"line":114,"column":15}},"loc":{"start":{"line":115,"column":10},"end":{"line":115,"column":27}},"line":115},"17":{"name":"(anonymous_17)","decl":{"start":{"line":117,"column":15},"end":{"line":117,"column":16}},"loc":{"start":{"line":117,"column":24},"end":{"line":117,"column":27}},"line":117},"18":{"name":"(anonymous_18)","decl":{"start":{"line":121,"column":2},"end":{"line":121,"column":3}},"loc":{"start":{"line":121,"column":11},"end":{"line":200,"column":3}},"line":121},"19":{"name":"(anonymous_19)","decl":{"start":{"line":187,"column":45},"end":{"line":187,"column":46}},"loc":{"start":{"line":188,"column":16},"end":{"line":188,"column":59}},"line":188}},"branchMap":{"0":{"loc":{"start":{"line":40,"column":4},"end":{"line":47,"column":5}},"type":"if","locations":[{"start":{"line":40,"column":4},"end":{"line":47,"column":5}},{"start":{"line":40,"column":4},"end":{"line":47,"column":5}}],"line":40},"1":{"loc":{"start":{"line":127,"column":4},"end":{"line":129,"column":5}},"type":"if","locations":[{"start":{"line":127,"column":4},"end":{"line":129,"column":5}},{"start":{"line":127,"column":4},"end":{"line":129,"column":5}}],"line":127},"2":{"loc":{"start":{"line":187,"column":15},"end":{"line":189,"column":16}},"type":"binary-expr","locations":[{"start":{"line":187,"column":15},"end":{"line":187,"column":31}},{"start":{"line":187,"column":35},"end":{"line":189,"column":16}}],"line":187}},"s":{"0":1,"1":1,"2":1,"3":2,"4":2,"5":2,"6":2,"7":2,"8":2,"9":1,"10":1,"11":0,"12":0,"13":0,"14":0,"15":0,"16":0,"17":0,"18":0,"19":0,"20":0,"21":0,"22":0,"23":0,"24":0,"25":0,"26":0,"27":0,"28":0,"29":0,"30":0,"31":0,"32":0,"33":0,"34":0,"35":0,"36":0,"37":0,"38":0,"39":0,"40":0,"41":0,"42":3,"43":3,"44":3,"45":3,"46":0,"47":0},"f":{"0":2,"1":1,"2":0,"3":0,"4":0,"5":0,"6":0,"7":0,"8":0,"9":0,"10":0,"11":0,"12":0,"13":0,"14":0,"15":0,"16":0,"17":0,"18":3,"19":0},"b":{"0":[0,1],"1":[3,0],"2":[0,0]},"_coverageSchema":"1a1c01bbd47fc00a2c39e90264f33305004495a9","hash":"61d8aa381061f798affc9c4d52ae8dadaeff910a"}
,"/home/nmai601/hrla42/FEC/client/src/components/Questions Answers/Image.jsx": {"path":"/home/nmai601/hrla42/FEC/client/src/components/Questions Answers/Image.jsx","statementMap":{"0":{"start":{"line":9,"column":4},"end":{"line":9,"column":17}},"1":{"start":{"line":10,"column":4},"end":{"line":12,"column":6}},"2":{"start":{"line":13,"column":4},"end":{"line":13,"column":61}},"3":{"start":{"line":17,"column":23},"end":{"line":17,"column":33}},"4":{"start":{"line":18,"column":4},"end":{"line":26,"column":7}},"5":{"start":{"line":19,"column":6},"end":{"line":25,"column":7}},"6":{"start":{"line":20,"column":8},"end":{"line":20,"column":48}},"7":{"start":{"line":21,"column":8},"end":{"line":21,"column":70}},"8":{"start":{"line":23,"column":8},"end":{"line":23,"column":47}},"9":{"start":{"line":24,"column":8},"end":{"line":24,"column":69}},"10":{"start":{"line":30,"column":22},"end":{"line":30,"column":32}},"11":{"start":{"line":31,"column":23},"end":{"line":31,"column":33}},"12":{"start":{"line":33,"column":16},"end":{"line":33,"column":34}},"13":{"start":{"line":34,"column":25},"end":{"line":34,"column":56}},"14":{"start":{"line":35,"column":4},"end":{"line":35,"column":33}},"15":{"start":{"line":36,"column":22},"end":{"line":36,"column":79}},"16":{"start":{"line":38,"column":4},"end":{"line":66,"column":6}}},"fnMap":{"0":{"name":"(anonymous_0)","decl":{"start":{"line":8,"column":2},"end":{"line":8,"column":3}},"loc":{"start":{"line":8,"column":21},"end":{"line":14,"column":3}},"line":8},"1":{"name":"(anonymous_1)","decl":{"start":{"line":16,"column":2},"end":{"line":16,"column":3}},"loc":{"start":{"line":16,"column":21},"end":{"line":27,"column":3}},"line":16},"2":{"name":"(anonymous_2)","decl":{"start":{"line":18,"column":39},"end":{"line":18,"column":40}},"loc":{"start":{"line":18,"column":45},"end":{"line":26,"column":5}},"line":18},"3":{"name":"(anonymous_3)","decl":{"start":{"line":29,"column":2},"end":{"line":29,"column":3}},"loc":{"start":{"line":29,"column":11},"end":{"line":67,"column":3}},"line":29}},"branchMap":{"0":{"loc":{"start":{"line":19,"column":6},"end":{"line":25,"column":7}},"type":"if","locations":[{"start":{"line":19,"column":6},"end":{"line":25,"column":7}},{"start":{"line":19,"column":6},"end":{"line":25,"column":7}}],"line":19},"1":{"loc":{"start":{"line":47,"column":9},"end":{"line":64,"column":9}},"type":"binary-expr","locations":[{"start":{"line":47,"column":9},"end":{"line":47,"column":15}},{"start":{"line":48,"column":10},"end":{"line":62,"column":16}}],"line":47}},"s":{"0":0,"1":0,"2":0,"3":0,"4":0,"5":0,"6":0,"7":0,"8":0,"9":0,"10":0,"11":0,"12":0,"13":0,"14":0,"15":0,"16":0},"f":{"0":0,"1":0,"2":0,"3":0},"b":{"0":[0,0],"1":[0,0]},"_coverageSchema":"1a1c01bbd47fc00a2c39e90264f33305004495a9","hash":"2d8b7fe0b5f4860250d3c17da1485a1a20ed3584"}
,"/home/nmai601/hrla42/FEC/client/src/components/Questions Answers/Main.jsx": {"path":"/home/nmai601/hrla42/FEC/client/src/components/Questions Answers/Main.jsx","statementMap":{"0":{"start":{"line":11,"column":4},"end":{"line":11,"column":17}},"1":{"start":{"line":12,"column":4},"end":{"line":16,"column":6}},"2":{"start":{"line":17,"column":4},"end":{"line":17,"column":53}},"3":{"start":{"line":18,"column":4},"end":{"line":18,"column":57}},"4":{"start":{"line":19,"column":4},"end":{"line":19,"column":61}},"5":{"start":{"line":20,"column":4},"end":{"line":20,"column":59}},"6":{"start":{"line":24,"column":4},"end":{"line":24,"column":24}},"7":{"start":{"line":28,"column":26},"end":{"line":28,"column":36}},"8":{"start":{"line":29,"column":4},"end":{"line":31,"column":5}},"9":{"start":{"line":30,"column":6},"end":{"line":30,"column":26}},"10":{"start":{"line":35,"column":4},"end":{"line":37,"column":7}},"11":{"start":{"line":36,"column":6},"end":{"line":36,"column":29}},"12":{"start":{"line":41,"column":26},"end":{"line":41,"column":36}},"13":{"start":{"line":42,"column":4},"end":{"line":52,"column":42}},"14":{"start":{"line":44,"column":26},"end":{"line":44,"column":47}},"15":{"start":{"line":45,"column":8},"end":{"line":47,"column":11}},"16":{"start":{"line":46,"column":10},"end":{"line":46,"column":57}},"17":{"start":{"line":48,"column":8},"end":{"line":50,"column":11}},"18":{"start":{"line":49,"column":10},"end":{"line":49,"column":33}},"19":{"start":{"line":52,"column":22},"end":{"line":52,"column":40}},"20":{"start":{"line":56,"column":4},"end":{"line":58,"column":7}},"21":{"start":{"line":57,"column":6},"end":{"line":57,"column":29}},"22":{"start":{"line":62,"column":39},"end":{"line":62,"column":49}},"23":{"start":{"line":63,"column":19},"end":{"line":63,"column":21}},"24":{"start":{"line":64,"column":4},"end":{"line":86,"column":5}},"25":{"start":{"line":65,"column":6},"end":{"line":83,"column":9}},"26":{"start":{"line":66,"column":22},"end":{"line":66,"column":47}},"27":{"start":{"line":67,"column":22},"end":{"line":67,"column":58}},"28":{"start":{"line":68,"column":8},"end":{"line":82,"column":9}},"29":{"start":{"line":69,"column":10},"end":{"line":69,"column":34}},"30":{"start":{"line":73,"column":30},"end":{"line":73,"column":38}},"31":{"start":{"line":74,"column":10},"end":{"line":81,"column":13}},"32":{"start":{"line":75,"column":26},"end":{"line":75,"column":76}},"33":{"start":{"line":76,"column":12},"end":{"line":80,"column":13}},"34":{"start":{"line":77,"column":14},"end":{"line":79,"column":15}},"35":{"start":{"line":78,"column":16},"end":{"line":78,"column":40}},"36":{"start":{"line":85,"column":6},"end":{"line":85,"column":27}},"37":{"start":{"line":87,"column":4},"end":{"line":87,"column":51}},"38":{"start":{"line":91,"column":47},"end":{"line":91,"column":57}},"39":{"start":{"line":92,"column":26},"end":{"line":92,"column":36}},"40":{"start":{"line":93,"column":4},"end":{"line":110,"column":6}}},"fnMap":{"0":{"name":"(anonymous_0)","decl":{"start":{"line":10,"column":2},"end":{"line":10,"column":3}},"loc":{"start":{"line":10,"column":21},"end":{"line":21,"column":3}},"line":10},"1":{"name":"(anonymous_1)","decl":{"start":{"line":23,"column":2},"end":{"line":23,"column":3}},"loc":{"start":{"line":23,"column":22},"end":{"line":25,"column":3}},"line":23},"2":{"name":"(anonymous_2)","decl":{"start":{"line":27,"column":2},"end":{"line":27,"column":3}},"loc":{"start":{"line":27,"column":32},"end":{"line":32,"column":3}},"line":27},"3":{"name":"(anonymous_3)","decl":{"start":{"line":34,"column":2},"end":{"line":34,"column":3}},"loc":{"start":{"line":34,"column":20},"end":{"line":38,"column":3}},"line":34},"4":{"name":"(anonymous_4)","decl":{"start":{"line":35,"column":51},"end":{"line":35,"column":52}},"loc":{"start":{"line":35,"column":57},"end":{"line":37,"column":5}},"line":35},"5":{"name":"(anonymous_5)","decl":{"start":{"line":40,"column":2},"end":{"line":40,"column":3}},"loc":{"start":{"line":40,"column":17},"end":{"line":53,"column":3}},"line":40},"6":{"name":"(anonymous_6)","decl":{"start":{"line":43,"column":12},"end":{"line":43,"column":13}},"loc":{"start":{"line":43,"column":26},"end":{"line":51,"column":7}},"line":43},"7":{"name":"(anonymous_7)","decl":{"start":{"line":45,"column":23},"end":{"line":45,"column":24}},"loc":{"start":{"line":46,"column":10},"end":{"line":46,"column":57}},"line":46},"8":{"name":"(anonymous_8)","decl":{"start":{"line":48,"column":37},"end":{"line":48,"column":38}},"loc":{"start":{"line":48,"column":43},"end":{"line":50,"column":9}},"line":48},"9":{"name":"(anonymous_9)","decl":{"start":{"line":52,"column":13},"end":{"line":52,"column":14}},"loc":{"start":{"line":52,"column":22},"end":{"line":52,"column":40}},"line":52},"10":{"name":"(anonymous_10)","decl":{"start":{"line":55,"column":2},"end":{"line":55,"column":3}},"loc":{"start":{"line":55,"column":21},"end":{"line":59,"column":3}},"line":55},"11":{"name":"(anonymous_11)","decl":{"start":{"line":56,"column":39},"end":{"line":56,"column":40}},"loc":{"start":{"line":56,"column":45},"end":{"line":58,"column":5}},"line":56},"12":{"name":"(anonymous_12)","decl":{"start":{"line":61,"column":2},"end":{"line":61,"column":3}},"loc":{"start":{"line":61,"column":20},"end":{"line":88,"column":3}},"line":61},"13":{"name":"(anonymous_13)","decl":{"start":{"line":65,"column":24},"end":{"line":65,"column":25}},"loc":{"start":{"line":65,"column":38},"end":{"line":83,"column":7}},"line":65},"14":{"name":"(anonymous_14)","decl":{"start":{"line":74,"column":39},"end":{"line":74,"column":40}},"loc":{"start":{"line":74,"column":53},"end":{"line":81,"column":11}},"line":74},"15":{"name":"(anonymous_15)","decl":{"start":{"line":90,"column":2},"end":{"line":90,"column":3}},"loc":{"start":{"line":90,"column":11},"end":{"line":111,"column":3}},"line":90}},"branchMap":{"0":{"loc":{"start":{"line":29,"column":4},"end":{"line":31,"column":5}},"type":"if","locations":[{"start":{"line":29,"column":4},"end":{"line":31,"column":5}},{"start":{"line":29,"column":4},"end":{"line":31,"column":5}}],"line":29},"1":{"loc":{"start":{"line":64,"column":4},"end":{"line":86,"column":5}},"type":"if","locations":[{"start":{"line":64,"column":4},"end":{"line":86,"column":5}},{"start":{"line":64,"column":4},"end":{"line":86,"column":5}}],"line":64},"2":{"loc":{"start":{"line":68,"column":8},"end":{"line":82,"column":9}},"type":"if","locations":[{"start":{"line":68,"column":8},"end":{"line":82,"column":9}},{"start":{"line":68,"column":8},"end":{"line":82,"column":9}}],"line":68},"3":{"loc":{"start":{"line":76,"column":12},"end":{"line":80,"column":13}},"type":"if","locations":[{"start":{"line":76,"column":12},"end":{"line":80,"column":13}},{"start":{"line":76,"column":12},"end":{"line":80,"column":13}}],"line":76},"4":{"loc":{"start":{"line":77,"column":14},"end":{"line":79,"column":15}},"type":"if","locations":[{"start":{"line":77,"column":14},"end":{"line":79,"column":15}},{"start":{"line":77,"column":14},"end":{"line":79,"column":15}}],"line":77}},"s":{"0":2,"1":2,"2":2,"3":2,"4":2,"5":2,"6":2,"7":2,"8":2,"9":0,"10":1,"11":1,"12":2,"13":2,"14":0,"15":0,"16":0,"17":0,"18":0,"19":0,"20":0,"21":0,"22":1,"23":1,"24":1,"25":1,"26":0,"27":0,"28":0,"29":0,"30":0,"31":0,"32":0,"33":0,"34":0,"35":0,"36":0,"37":1,"38":4,"39":4,"40":4},"f":{"0":2,"1":2,"2":2,"3":1,"4":1,"5":2,"6":0,"7":0,"8":0,"9":0,"10":0,"11":0,"12":1,"13":0,"14":0,"15":4},"b":{"0":[0,2],"1":[1,0],"2":[0,0],"3":[0,0],"4":[0,0]},"_coverageSchema":"1a1c01bbd47fc00a2c39e90264f33305004495a9","hash":"79c54af8f4dbf60d0e4f9d96ca982e3cfa41ffb0"}
,"/home/nmai601/hrla42/FEC/client/src/components/Questions Answers/Question.jsx": {"path":"/home/nmai601/hrla42/FEC/client/src/components/Questions Answers/Question.jsx","statementMap":{"0":{"start":{"line":11,"column":4},"end":{"line":11,"column":17}},"1":{"start":{"line":12,"column":4},"end":{"line":16,"column":6}},"2":{"start":{"line":17,"column":4},"end":{"line":17,"column":49}},"3":{"start":{"line":18,"column":4},"end":{"line":18,"column":63}},"4":{"start":{"line":19,"column":4},"end":{"line":19,"column":51}},"5":{"start":{"line":23,"column":4},"end":{"line":23,"column":22}},"6":{"start":{"line":27,"column":25},"end":{"line":27,"column":35}},"7":{"start":{"line":28,"column":4},"end":{"line":32,"column":42}},"8":{"start":{"line":30,"column":8},"end":{"line":30,"column":58}},"9":{"start":{"line":32,"column":22},"end":{"line":32,"column":40}},"10":{"start":{"line":36,"column":39},"end":{"line":36,"column":49}},"11":{"start":{"line":37,"column":25},"end":{"line":37,"column":35}},"12":{"start":{"line":38,"column":4},"end":{"line":40,"column":5}},"13":{"start":{"line":39,"column":6},"end":{"line":39,"column":13}},"14":{"start":{"line":41,"column":4},"end":{"line":41,"column":43}},"15":{"start":{"line":42,"column":4},"end":{"line":47,"column":42}},"16":{"start":{"line":44,"column":8},"end":{"line":44,"column":42}},"17":{"start":{"line":45,"column":8},"end":{"line":45,"column":23}},"18":{"start":{"line":47,"column":22},"end":{"line":47,"column":40}},"19":{"start":{"line":51,"column":21},"end":{"line":51,"column":31}},"20":{"start":{"line":52,"column":4},"end":{"line":60,"column":7}},"21":{"start":{"line":53,"column":6},"end":{"line":59,"column":7}},"22":{"start":{"line":54,"column":8},"end":{"line":54,"column":48}},"23":{"start":{"line":55,"column":8},"end":{"line":55,"column":70}},"24":{"start":{"line":57,"column":8},"end":{"line":57,"column":47}},"25":{"start":{"line":58,"column":8},"end":{"line":58,"column":69}},"26":{"start":{"line":64,"column":25},"end":{"line":64,"column":35}},"27":{"start":{"line":65,"column":40},"end":{"line":65,"column":50}},"28":{"start":{"line":67,"column":4},"end":{"line":112,"column":6}}},"fnMap":{"0":{"name":"(anonymous_0)","decl":{"start":{"line":10,"column":2},"end":{"line":10,"column":3}},"loc":{"start":{"line":10,"column":21},"end":{"line":20,"column":3}},"line":10},"1":{"name":"(anonymous_1)","decl":{"start":{"line":22,"column":2},"end":{"line":22,"column":3}},"loc":{"start":{"line":22,"column":22},"end":{"line":24,"column":3}},"line":22},"2":{"name":"(anonymous_2)","decl":{"start":{"line":26,"column":2},"end":{"line":26,"column":3}},"loc":{"start":{"line":26,"column":15},"end":{"line":33,"column":3}},"line":26},"3":{"name":"(anonymous_3)","decl":{"start":{"line":29,"column":12},"end":{"line":29,"column":13}},"loc":{"start":{"line":29,"column":26},"end":{"line":31,"column":7}},"line":29},"4":{"name":"(anonymous_4)","decl":{"start":{"line":32,"column":13},"end":{"line":32,"column":14}},"loc":{"start":{"line":32,"column":22},"end":{"line":32,"column":40}},"line":32},"5":{"name":"(anonymous_5)","decl":{"start":{"line":35,"column":2},"end":{"line":35,"column":3}},"loc":{"start":{"line":35,"column":23},"end":{"line":48,"column":3}},"line":35},"6":{"name":"(anonymous_6)","decl":{"start":{"line":43,"column":12},"end":{"line":43,"column":13}},"loc":{"start":{"line":43,"column":18},"end":{"line":46,"column":7}},"line":43},"7":{"name":"(anonymous_7)","decl":{"start":{"line":47,"column":13},"end":{"line":47,"column":14}},"loc":{"start":{"line":47,"column":22},"end":{"line":47,"column":40}},"line":47},"8":{"name":"(anonymous_8)","decl":{"start":{"line":50,"column":2},"end":{"line":50,"column":3}},"loc":{"start":{"line":50,"column":16},"end":{"line":61,"column":3}},"line":50},"9":{"name":"(anonymous_9)","decl":{"start":{"line":52,"column":35},"end":{"line":52,"column":36}},"loc":{"start":{"line":52,"column":41},"end":{"line":60,"column":5}},"line":52},"10":{"name":"(anonymous_10)","decl":{"start":{"line":63,"column":2},"end":{"line":63,"column":3}},"loc":{"start":{"line":63,"column":11},"end":{"line":113,"column":3}},"line":63}},"branchMap":{"0":{"loc":{"start":{"line":38,"column":4},"end":{"line":40,"column":5}},"type":"if","locations":[{"start":{"line":38,"column":4},"end":{"line":40,"column":5}},{"start":{"line":38,"column":4},"end":{"line":40,"column":5}}],"line":38},"1":{"loc":{"start":{"line":53,"column":6},"end":{"line":59,"column":7}},"type":"if","locations":[{"start":{"line":53,"column":6},"end":{"line":59,"column":7}},{"start":{"line":53,"column":6},"end":{"line":59,"column":7}}],"line":53}},"s":{"0":2,"1":2,"2":2,"3":2,"4":2,"5":2,"6":2,"7":2,"8":0,"9":0,"10":0,"11":0,"12":0,"13":0,"14":0,"15":0,"16":0,"17":0,"18":0,"19":0,"20":0,"21":0,"22":0,"23":0,"24":0,"25":0,"26":3,"27":3,"28":3},"f":{"0":2,"1":2,"2":2,"3":0,"4":0,"5":0,"6":0,"7":0,"8":0,"9":0,"10":3},"b":{"0":[0,0],"1":[0,0]},"_coverageSchema":"1a1c01bbd47fc00a2c39e90264f33305004495a9","hash":"8ff186bd7a7fec72f1bc91a42b21a8a91018cede"}
,"/home/nmai601/hrla42/FEC/client/src/components/Questions Answers/QuestionModal.jsx": {"path":"/home/nmai601/hrla42/FEC/client/src/components/Questions Answers/QuestionModal.jsx","statementMap":{"0":{"start":{"line":6,"column":15},"end":{"line":11,"column":2}},"1":{"start":{"line":15,"column":4},"end":{"line":15,"column":17}},"2":{"start":{"line":16,"column":4},"end":{"line":20,"column":6}},"3":{"start":{"line":21,"column":4},"end":{"line":21,"column":53}},"4":{"start":{"line":22,"column":4},"end":{"line":22,"column":53}},"5":{"start":{"line":26,"column":22},"end":{"line":26,"column":30}},"6":{"start":{"line":27,"column":21},"end":{"line":27,"column":29}},"7":{"start":{"line":28,"column":4},"end":{"line":30,"column":7}},"8":{"start":{"line":34,"column":52},"end":{"line":34,"column":62}},"9":{"start":{"line":35,"column":54},"end":{"line":35,"column":64}},"10":{"start":{"line":36,"column":4},"end":{"line":36,"column":23}},"11":{"start":{"line":37,"column":4},"end":{"line":52,"column":43}},"12":{"start":{"line":45,"column":8},"end":{"line":49,"column":46}},"13":{"start":{"line":47,"column":12},"end":{"line":47,"column":27}},"14":{"start":{"line":49,"column":26},"end":{"line":49,"column":44}},"15":{"start":{"line":51,"column":18},"end":{"line":51,"column":30}},"16":{"start":{"line":52,"column":23},"end":{"line":52,"column":40}},"17":{"start":{"line":56,"column":33},"end":{"line":56,"column":43}},"18":{"start":{"line":57,"column":54},"end":{"line":57,"column":64}},"19":{"start":{"line":59,"column":4},"end":{"line":61,"column":5}},"20":{"start":{"line":60,"column":6},"end":{"line":60,"column":18}},"21":{"start":{"line":62,"column":4},"end":{"line":120,"column":6}}},"fnMap":{"0":{"name":"(anonymous_0)","decl":{"start":{"line":14,"column":2},"end":{"line":14,"column":3}},"loc":{"start":{"line":14,"column":21},"end":{"line":23,"column":3}},"line":14},"1":{"name":"(anonymous_1)","decl":{"start":{"line":25,"column":2},"end":{"line":25,"column":3}},"loc":{"start":{"line":25,"column":18},"end":{"line":31,"column":3}},"line":25},"2":{"name":"(anonymous_2)","decl":{"start":{"line":33,"column":2},"end":{"line":33,"column":3}},"loc":{"start":{"line":33,"column":18},"end":{"line":53,"column":3}},"line":33},"3":{"name":"(anonymous_3)","decl":{"start":{"line":44,"column":12},"end":{"line":44,"column":13}},"loc":{"start":{"line":44,"column":23},"end":{"line":50,"column":7}},"line":44},"4":{"name":"(anonymous_4)","decl":{"start":{"line":46,"column":16},"end":{"line":46,"column":17}},"loc":{"start":{"line":46,"column":22},"end":{"line":48,"column":11}},"line":46},"5":{"name":"(anonymous_5)","decl":{"start":{"line":49,"column":17},"end":{"line":49,"column":18}},"loc":{"start":{"line":49,"column":26},"end":{"line":49,"column":44}},"line":49},"6":{"name":"(anonymous_6)","decl":{"start":{"line":51,"column":12},"end":{"line":51,"column":13}},"loc":{"start":{"line":51,"column":18},"end":{"line":51,"column":30}},"line":51},"7":{"name":"(anonymous_7)","decl":{"start":{"line":52,"column":13},"end":{"line":52,"column":14}},"loc":{"start":{"line":52,"column":23},"end":{"line":52,"column":40}},"line":52},"8":{"name":"(anonymous_8)","decl":{"start":{"line":55,"column":2},"end":{"line":55,"column":3}},"loc":{"start":{"line":55,"column":11},"end":{"line":121,"column":3}},"line":55}},"branchMap":{"0":{"loc":{"start":{"line":59,"column":4},"end":{"line":61,"column":5}},"type":"if","locations":[{"start":{"line":59,"column":4},"end":{"line":61,"column":5}},{"start":{"line":59,"column":4},"end":{"line":61,"column":5}}],"line":59}},"s":{"0":1,"1":6,"2":6,"3":6,"4":6,"5":0,"6":0,"7":0,"8":0,"9":0,"10":0,"11":0,"12":0,"13":0,"14":0,"15":0,"16":0,"17":10,"18":10,"19":10,"20":6,"21":4},"f":{"0":6,"1":0,"2":0,"3":0,"4":0,"5":0,"6":0,"7":0,"8":10},"b":{"0":[6,4]},"_coverageSchema":"1a1c01bbd47fc00a2c39e90264f33305004495a9","hash":"5618eb1e9877eba0b3836b18633cfc02dc7bc9f0"}
,"/home/nmai601/hrla42/FEC/client/src/components/Questions Answers/QuestionsList.jsx": {"path":"/home/nmai601/hrla42/FEC/client/src/components/Questions Answers/QuestionsList.jsx","statementMap":{"0":{"start":{"line":8,"column":4},"end":{"line":8,"column":17}},"1":{"start":{"line":9,"column":26},"end":{"line":9,"column":36}},"2":{"start":{"line":10,"column":4},"end":{"line":15,"column":6}},"3":{"start":{"line":16,"column":4},"end":{"line":16,"column":47}},"4":{"start":{"line":17,"column":4},"end":{"line":17,"column":49}},"5":{"start":{"line":18,"column":4},"end":{"line":18,"column":63}},"6":{"start":{"line":19,"column":4},"end":{"line":19,"column":61}},"7":{"start":{"line":20,"column":4},"end":{"line":20,"column":61}},"8":{"start":{"line":24,"column":26},"end":{"line":24,"column":36}},"9":{"start":{"line":25,"column":4},"end":{"line":27,"column":5}},"10":{"start":{"line":26,"column":6},"end":{"line":26,"column":30}},"11":{"start":{"line":31,"column":29},"end":{"line":31,"column":39}},"12":{"start":{"line":32,"column":19},"end":{"line":32,"column":87}},"13":{"start":{"line":33,"column":4},"end":{"line":37,"column":5}},"14":{"start":{"line":34,"column":6},"end":{"line":36,"column":7}},"15":{"start":{"line":35,"column":8},"end":{"line":35,"column":33}},"16":{"start":{"line":41,"column":40},"end":{"line":41,"column":50}},"17":{"start":{"line":42,"column":4},"end":{"line":49,"column":7}},"18":{"start":{"line":46,"column":6},"end":{"line":48,"column":7}},"19":{"start":{"line":47,"column":8},"end":{"line":47,"column":47}},"20":{"start":{"line":53,"column":26},"end":{"line":53,"column":36}},"21":{"start":{"line":54,"column":4},"end":{"line":58,"column":7}},"22":{"start":{"line":62,"column":4},"end":{"line":68,"column":7}},"23":{"start":{"line":63,"column":23},"end":{"line":63,"column":33}},"24":{"start":{"line":64,"column":6},"end":{"line":67,"column":7}},"25":{"start":{"line":65,"column":8},"end":{"line":65,"column":48}},"26":{"start":{"line":66,"column":8},"end":{"line":66,"column":70}},"27":{"start":{"line":72,"column":4},"end":{"line":78,"column":7}},"28":{"start":{"line":73,"column":23},"end":{"line":73,"column":33}},"29":{"start":{"line":74,"column":6},"end":{"line":77,"column":7}},"30":{"start":{"line":75,"column":8},"end":{"line":75,"column":47}},"31":{"start":{"line":76,"column":8},"end":{"line":76,"column":69}},"32":{"start":{"line":82,"column":51},"end":{"line":82,"column":61}},"33":{"start":{"line":83,"column":46},"end":{"line":83,"column":56}},"34":{"start":{"line":85,"column":4},"end":{"line":131,"column":5}},"35":{"start":{"line":86,"column":6},"end":{"line":130,"column":8}},"36":{"start":{"line":90,"column":14},"end":{"line":94,"column":16}},"37":{"start":{"line":132,"column":4},"end":{"line":132,"column":16}}},"fnMap":{"0":{"name":"(anonymous_0)","decl":{"start":{"line":7,"column":2},"end":{"line":7,"column":3}},"loc":{"start":{"line":7,"column":21},"end":{"line":21,"column":3}},"line":7},"1":{"name":"(anonymous_1)","decl":{"start":{"line":23,"column":2},"end":{"line":23,"column":3}},"loc":{"start":{"line":23,"column":32},"end":{"line":28,"column":3}},"line":23},"2":{"name":"(anonymous_2)","decl":{"start":{"line":30,"column":2},"end":{"line":30,"column":3}},"loc":{"start":{"line":30,"column":22},"end":{"line":38,"column":3}},"line":30},"3":{"name":"(anonymous_3)","decl":{"start":{"line":40,"column":2},"end":{"line":40,"column":3}},"loc":{"start":{"line":40,"column":22},"end":{"line":50,"column":3}},"line":40},"4":{"name":"(anonymous_4)","decl":{"start":{"line":45,"column":7},"end":{"line":45,"column":8}},"loc":{"start":{"line":45,"column":13},"end":{"line":49,"column":5}},"line":45},"5":{"name":"(anonymous_5)","decl":{"start":{"line":52,"column":2},"end":{"line":52,"column":3}},"loc":{"start":{"line":52,"column":21},"end":{"line":59,"column":3}},"line":52},"6":{"name":"(anonymous_6)","decl":{"start":{"line":61,"column":2},"end":{"line":61,"column":3}},"loc":{"start":{"line":61,"column":14},"end":{"line":69,"column":3}},"line":61},"7":{"name":"(anonymous_7)","decl":{"start":{"line":62,"column":34},"end":{"line":62,"column":35}},"loc":{"start":{"line":62,"column":40},"end":{"line":68,"column":5}},"line":62},"8":{"name":"(anonymous_8)","decl":{"start":{"line":71,"column":2},"end":{"line":71,"column":3}},"loc":{"start":{"line":71,"column":15},"end":{"line":79,"column":3}},"line":71},"9":{"name":"(anonymous_9)","decl":{"start":{"line":72,"column":35},"end":{"line":72,"column":36}},"loc":{"start":{"line":72,"column":41},"end":{"line":78,"column":5}},"line":72},"10":{"name":"(anonymous_10)","decl":{"start":{"line":81,"column":2},"end":{"line":81,"column":3}},"loc":{"start":{"line":81,"column":11},"end":{"line":133,"column":3}},"line":81},"11":{"name":"(anonymous_11)","decl":{"start":{"line":89,"column":50},"end":{"line":89,"column":51}},"loc":{"start":{"line":90,"column":14},"end":{"line":94,"column":16}},"line":90}},"branchMap":{"0":{"loc":{"start":{"line":25,"column":4},"end":{"line":27,"column":5}},"type":"if","locations":[{"start":{"line":25,"column":4},"end":{"line":27,"column":5}},{"start":{"line":25,"column":4},"end":{"line":27,"column":5}}],"line":25},"1":{"loc":{"start":{"line":33,"column":4},"end":{"line":37,"column":5}},"type":"if","locations":[{"start":{"line":33,"column":4},"end":{"line":37,"column":5}},{"start":{"line":33,"column":4},"end":{"line":37,"column":5}}],"line":33},"2":{"loc":{"start":{"line":34,"column":6},"end":{"line":36,"column":7}},"type":"if","locations":[{"start":{"line":34,"column":6},"end":{"line":36,"column":7}},{"start":{"line":34,"column":6},"end":{"line":36,"column":7}}],"line":34},"3":{"loc":{"start":{"line":46,"column":6},"end":{"line":48,"column":7}},"type":"if","locations":[{"start":{"line":46,"column":6},"end":{"line":48,"column":7}},{"start":{"line":46,"column":6},"end":{"line":48,"column":7}}],"line":46},"4":{"loc":{"start":{"line":64,"column":6},"end":{"line":67,"column":7}},"type":"if","locations":[{"start":{"line":64,"column":6},"end":{"line":67,"column":7}},{"start":{"line":64,"column":6},"end":{"line":67,"column":7}}],"line":64},"5":{"loc":{"start":{"line":74,"column":6},"end":{"line":77,"column":7}},"type":"if","locations":[{"start":{"line":74,"column":6},"end":{"line":77,"column":7}},{"start":{"line":74,"column":6},"end":{"line":77,"column":7}}],"line":74},"6":{"loc":{"start":{"line":85,"column":4},"end":{"line":131,"column":5}},"type":"if","locations":[{"start":{"line":85,"column":4},"end":{"line":131,"column":5}},{"start":{"line":85,"column":4},"end":{"line":131,"column":5}}],"line":85},"7":{"loc":{"start":{"line":97,"column":11},"end":{"line":105,"column":11}},"type":"binary-expr","locations":[{"start":{"line":97,"column":12},"end":{"line":97,"column":25}},{"start":{"line":98,"column":12},"end":{"line":104,"column":21}}],"line":97},"8":{"loc":{"start":{"line":106,"column":11},"end":{"line":114,"column":11}},"type":"binary-expr","locations":[{"start":{"line":106,"column":12},"end":{"line":106,"column":26}},{"start":{"line":106,"column":30},"end":{"line":106,"column":50}},{"start":{"line":107,"column":12},"end":{"line":113,"column":21}}],"line":106}},"s":{"0":4,"1":4,"2":4,"3":4,"4":4,"5":4,"6":4,"7":4,"8":4,"9":4,"10":1,"11":0,"12":0,"13":0,"14":0,"15":0,"16":0,"17":0,"18":0,"19":0,"20":1,"21":1,"22":1,"23":1,"24":1,"25":1,"26":1,"27":0,"28":0,"29":0,"30":0,"31":0,"32":8,"33":8,"34":8,"35":8,"36":4,"37":0},"f":{"0":4,"1":4,"2":0,"3":0,"4":0,"5":1,"6":1,"7":1,"8":0,"9":0,"10":8,"11":4},"b":{"0":[1,3],"1":[0,0],"2":[0,0],"3":[0,0],"4":[1,0],"5":[0,0],"6":[8,0],"7":[8,0],"8":[8,8,0]},"_coverageSchema":"1a1c01bbd47fc00a2c39e90264f33305004495a9","hash":"15e5e70cf5d64f021c9c80b1df55538354e8ea97"}
,"/home/nmai601/hrla42/FEC/client/src/components/Questions Answers/SearchBar.jsx": {"path":"/home/nmai601/hrla42/FEC/client/src/components/Questions Answers/SearchBar.jsx","statementMap":{"0":{"start":{"line":7,"column":16},"end":{"line":7,"column":51}},"1":{"start":{"line":9,"column":18},"end":{"line":25,"column":1}},"2":{"start":{"line":10,"column":2},"end":{"line":24,"column":8}}},"fnMap":{"0":{"name":"(anonymous_0)","decl":{"start":{"line":9,"column":18},"end":{"line":9,"column":19}},"loc":{"start":{"line":10,"column":2},"end":{"line":24,"column":8}},"line":10}},"branchMap":{"0":{"loc":{"start":{"line":13,"column":50},"end":{"line":13,"column":67}},"type":"binary-expr","locations":[{"start":{"line":13,"column":50},"end":{"line":13,"column":61}},{"start":{"line":13,"column":65},"end":{"line":13,"column":67}}],"line":13}},"s":{"0":1,"1":1,"2":5},"f":{"0":5},"b":{"0":[5,2]},"_coverageSchema":"1a1c01bbd47fc00a2c39e90264f33305004495a9","hash":"e0665fc7d90d2f4e83d4c5a52aa30d6beef9e9d9"}
,"/home/nmai601/hrla42/FEC/client/src/components/Reviews/Main.jsx": {"path":"/home/nmai601/hrla42/FEC/client/src/components/Reviews/Main.jsx","statementMap":{"0":{"start":{"line":5,"column":4},"end":{"line":5,"column":17}},"1":{"start":{"line":6,"column":4},"end":{"line":8,"column":6}},"2":{"start":{"line":12,"column":4},"end":{"line":16,"column":6}}},"fnMap":{"0":{"name":"(anonymous_0)","decl":{"start":{"line":4,"column":2},"end":{"line":4,"column":3}},"loc":{"start":{"line":4,"column":21},"end":{"line":9,"column":3}},"line":4},"1":{"name":"(anonymous_1)","decl":{"start":{"line":11,"column":2},"end":{"line":11,"column":3}},"loc":{"start":{"line":11,"column":11},"end":{"line":17,"column":3}},"line":11}},"branchMap":{},"s":{"0":1,"1":1,"2":1},"f":{"0":1,"1":1},"b":{},"_coverageSchema":"1a1c01bbd47fc00a2c39e90264f33305004495a9","hash":"cda84c5e7ace52c802712eef0eed2c0222fbf1ba"}
,"/home/nmai601/hrla42/FEC/spec/sum.js": {"path":"/home/nmai601/hrla42/FEC/spec/sum.js","statementMap":{"0":{"start":{"line":2,"column":2},"end":{"line":2,"column":15}},"1":{"start":{"line":4,"column":0},"end":{"line":4,"column":21}}},"fnMap":{"0":{"name":"sum","decl":{"start":{"line":1,"column":9},"end":{"line":1,"column":12}},"loc":{"start":{"line":1,"column":19},"end":{"line":3,"column":1}},"line":1}},"branchMap":{},"s":{"0":1,"1":1},"f":{"0":1},"b":{},"_coverageSchema":"1a1c01bbd47fc00a2c39e90264f33305004495a9","hash":"c168cafb2306166822389d1284a1ecceda20e08f"}
}
