TN:
SF:client/src/Interactions.jsx
FN:5,(anonymous_0)
FN:7,(anonymous_1)
FN:12,(anonymous_2)
FN:19,(anonymous_3)
FN:21,(anonymous_4)
FNF:5
FNH:0
FNDA:0,(anonymous_0)
FNDA:0,(anonymous_1)
FNDA:0,(anonymous_2)
FNDA:0,(anonymous_3)
FNDA:0,(anonymous_4)
DA:5,1
DA:6,0
DA:8,0
DA:9,0
DA:10,0
DA:13,0
DA:18,0
DA:19,0
DA:22,0
LF:9
LH:1
BRF:0
BRH:0
end_of_record
TN:
SF:client/src/components/Product Detail/Add2Cart.jsx
FN:10,(anonymous_0)
FN:20,(anonymous_1)
FN:26,(anonymous_2)
FN:30,(anonymous_3)
FN:34,(anonymous_4)
FN:38,(anonymous_5)
FN:43,(anonymous_6)
FN:48,(anonymous_7)
FN:50,(anonymous_8)
FN:72,(anonymous_9)
FN:73,(anonymous_10)
FN:73,(anonymous_11)
FN:74,(anonymous_12)
FN:78,(anonymous_13)
FNF:14
FNH:3
FNDA:1,(anonymous_0)
FNDA:0,(anonymous_1)
FNDA:0,(anonymous_2)
FNDA:0,(anonymous_3)
FNDA:0,(anonymous_4)
FNDA:0,(anonymous_5)
FNDA:0,(anonymous_6)
FNDA:1,(anonymous_7)
FNDA:1,(anonymous_8)
FNDA:0,(anonymous_9)
FNDA:0,(anonymous_10)
FNDA:0,(anonymous_11)
FNDA:0,(anonymous_12)
FNDA:0,(anonymous_13)
DA:11,1
DA:12,1
DA:21,0
DA:22,0
DA:27,0
DA:31,0
DA:32,0
DA:33,0
DA:34,0
DA:39,0
DA:40,0
DA:44,0
DA:49,1
DA:50,1
DA:51,1
DA:52,1
DA:56,1
DA:57,1
DA:58,0
DA:61,1
DA:72,0
DA:73,0
DA:74,0
DA:78,0
LF:24
LH:9
BRDA:21,0,0,0
BRDA:21,0,1,0
BRDA:27,1,0,0
BRDA:27,1,1,0
BRDA:31,2,0,0
BRDA:31,2,1,0
BRDA:33,3,0,0
BRDA:33,3,1,0
BRDA:51,4,0,1
BRDA:51,4,1,0
BRDA:65,5,0,1
BRDA:65,5,1,0
BRDA:68,6,0,1
BRDA:68,6,1,0
BRDA:81,7,0,0
BRDA:81,7,1,1
BRDA:95,8,0,1
BRDA:95,8,1,0
BRF:18
BRH:5
end_of_record
TN:
SF:client/src/components/Product Detail/DefaultView.jsx
FN:11,(anonymous_0)
FN:22,(anonymous_1)
FN:26,(anonymous_2)
FN:33,(anonymous_3)
FN:47,(anonymous_4)
FN:68,(anonymous_5)
FN:76,(anonymous_6)
FN:84,(anonymous_7)
FN:86,(anonymous_8)
FN:89,(anonymous_9)
FN:91,(anonymous_10)
FN:92,(anonymous_11)
FN:95,(anonymous_12)
FNF:13
FNH:5
FNDA:1,(anonymous_0)
FNDA:1,(anonymous_1)
FNDA:1,(anonymous_2)
FNDA:0,(anonymous_3)
FNDA:0,(anonymous_4)
FNDA:0,(anonymous_5)
FNDA:2,(anonymous_6)
FNDA:0,(anonymous_7)
FNDA:0,(anonymous_8)
FNDA:0,(anonymous_9)
FNDA:2,(anonymous_10)
FNDA:0,(anonymous_11)
FNDA:0,(anonymous_12)
DA:12,1
DA:13,1
DA:19,1
DA:23,1
DA:27,1
DA:28,0
DA:33,0
DA:36,1
DA:37,0
DA:38,0
DA:48,0
DA:49,0
DA:50,0
DA:51,0
DA:52,0
DA:53,0
DA:54,0
DA:55,0
DA:56,0
DA:59,0
DA:65,0
DA:69,0
DA:70,0
DA:71,0
DA:72,0
DA:77,2
DA:78,2
DA:79,2
DA:81,2
DA:84,0
DA:86,0
DA:89,0
DA:92,2
DA:95,0
LF:34
LH:11
BRDA:23,0,0,0
BRDA:23,0,1,1
BRDA:27,1,0,0
BRDA:27,1,1,1
BRDA:31,2,0,0
BRDA:31,2,1,0
BRDA:36,3,0,0
BRDA:36,3,1,1
BRDA:41,4,0,0
BRDA:41,4,1,0
BRDA:42,5,0,0
BRDA:42,5,1,0
BRDA:42,6,0,0
BRDA:42,6,1,0
BRDA:51,7,0,0
BRDA:51,7,1,0
BRDA:54,8,0,0
BRDA:54,8,1,0
BRDA:69,9,0,0
BRDA:69,9,1,0
BRDA:69,10,0,0
BRDA:69,10,1,0
BRDA:71,11,0,0
BRDA:71,11,1,0
BRDA:71,12,0,0
BRDA:71,12,1,0
BRDA:84,13,0,0
BRDA:84,13,1,2
BRDA:86,14,0,0
BRDA:86,14,1,2
BRDA:89,15,0,0
BRDA:89,15,1,2
BRDA:92,16,0,0
BRDA:92,16,1,2
BRDA:95,17,0,0
BRDA:95,17,1,2
BRF:36
BRH:8
end_of_record
TN:
SF:client/src/components/Product Detail/EndInfo.jsx
FN:6,(anonymous_0)
FN:13,(anonymous_1)
FNF:2
FNH:2
FNDA:1,(anonymous_0)
FNDA:1,(anonymous_1)
DA:6,1
DA:7,1
DA:14,1
LF:3
LH:3
BRF:0
BRH:0
end_of_record
TN:
SF:client/src/components/Product Detail/ExpandedView.jsx
FN:11,(anonymous_0)
FN:23,(anonymous_1)
FN:27,(anonymous_2)
FN:34,(anonymous_3)
FN:61,(anonymous_4)
FN:73,(anonymous_5)
FN:76,(anonymous_6)
FN:80,(anonymous_7)
FN:82,(anonymous_8)
FNF:9
FNH:3
FNDA:1,(anonymous_0)
FNDA:0,(anonymous_1)
FNDA:0,(anonymous_2)
FNDA:0,(anonymous_3)
FNDA:1,(anonymous_4)
FNDA:1,(anonymous_5)
FNDA:0,(anonymous_6)
FNDA:0,(anonymous_7)
FNDA:0,(anonymous_8)
DA:12,1
DA:13,1
DA:20,1
DA:24,0
DA:28,0
DA:29,0
DA:30,0
DA:31,0
DA:35,0
DA:36,0
DA:37,0
DA:43,0
DA:44,0
DA:45,0
DA:51,0
DA:52,0
DA:62,1
DA:74,1
DA:76,0
DA:80,0
DA:82,0
LF:21
LH:5
BRDA:35,0,0,0
BRDA:35,0,1,0
BRDA:43,1,0,0
BRDA:43,1,1,0
BRDA:64,2,0,0
BRDA:64,2,1,1
BRDA:75,3,0,0
BRDA:75,3,1,1
BRDA:80,4,0,0
BRDA:80,4,1,1
BRDA:82,5,0,0
BRDA:82,5,1,1
BRF:12
BRH:4
end_of_record
TN:
SF:client/src/components/Product Detail/Main.jsx
FN:14,(anonymous_0)
FN:30,(anonymous_1)
FN:33,(anonymous_2)
FN:38,(anonymous_3)
FN:42,(anonymous_4)
FN:44,(anonymous_5)
FN:47,(anonymous_6)
FN:50,(anonymous_7)
FN:54,(anonymous_8)
FN:58,(anonymous_9)
FN:62,(anonymous_10)
FNF:11
FNH:4
FNDA:2,(anonymous_0)
FNDA:2,(anonymous_1)
FNDA:0,(anonymous_2)
FNDA:0,(anonymous_3)
FNDA:2,(anonymous_4)
FNDA:0,(anonymous_5)
FNDA:0,(anonymous_6)
FNDA:0,(anonymous_7)
FNDA:0,(anonymous_8)
FNDA:0,(anonymous_9)
FNDA:2,(anonymous_10)
DA:15,2
DA:16,2
DA:27,2
DA:31,2
DA:34,0
DA:35,0
DA:38,0
DA:43,2
DA:45,0
DA:47,0
DA:51,0
DA:55,0
DA:59,0
DA:63,2
DA:65,0
DA:66,0
DA:70,0
DA:72,0
DA:73,0
DA:75,0
DA:96,2
LF:21
LH:7
BRDA:34,0,0,0
BRDA:34,0,1,0
BRDA:63,1,0,0
BRDA:63,1,1,2
BRDA:63,2,0,2
BRDA:63,2,1,0
BRDA:65,3,0,0
BRDA:65,3,1,0
BRF:8
BRH:2
end_of_record
TN:
SF:client/src/components/Product Detail/ProductInfo.jsx
FN:11,(anonymous_0)
FN:20,(anonymous_1)
FN:23,(anonymous_2)
FN:29,(anonymous_3)
FN:31,(anonymous_4)
FN:40,(anonymous_5)
FN:43,(anonymous_6)
FNF:7
FNH:4
FNDA:1,(anonymous_0)
FNDA:1,(anonymous_1)
FNDA:0,(anonymous_2)
FNDA:1,(anonymous_3)
FNDA:0,(anonymous_4)
FNDA:0,(anonymous_5)
FNDA:1,(anonymous_6)
DA:12,1
DA:13,1
DA:17,1
DA:21,1
DA:24,0
DA:25,0
DA:30,1
DA:32,0
DA:33,0
DA:34,0
DA:35,0
DA:36,0
DA:38,0
DA:40,0
DA:44,1
DA:45,1
DA:60,0
LF:17
LH:7
BRDA:24,0,0,0
BRDA:24,0,1,0
BRDA:44,1,0,1
BRDA:44,1,1,0
BRDA:47,2,0,0
BRDA:47,2,1,1
BRF:6
BRH:2
end_of_record
TN:
SF:client/src/components/Product Detail/Share.jsx
FN:9,(anonymous_0)
FNF:1
FNH:1
FNDA:1,(anonymous_0)
DA:9,1
DA:10,1
LF:2
LH:2
BRF:0
BRH:0
end_of_record
TN:
SF:client/src/components/Product Detail/StyleSelector.jsx
FN:7,(anonymous_0)
FN:15,(anonymous_1)
FN:24,(anonymous_2)
FN:29,(anonymous_3)
FNF:4
FNH:3
FNDA:1,(anonymous_0)
FNDA:1,(anonymous_1)
FNDA:1,(anonymous_2)
FNDA:0,(anonymous_3)
DA:8,1
DA:9,1
DA:16,1
DA:26,1
DA:27,1
DA:29,0
LF:6
LH:5
BRDA:19,0,0,0
BRDA:19,0,1,1
BRDA:20,1,0,0
BRDA:20,1,1,1
BRDA:26,2,0,1
BRDA:26,2,1,0
BRDA:28,3,0,1
BRDA:28,3,1,0
BRF:8
BRH:4
end_of_record
TN:
SF:client/src/components/Questions Answers/Answer.jsx
FN:9,(anonymous_0)
FN:19,(anonymous_1)
FN:27,(anonymous_2)
FN:31,(anonymous_3)
FN:34,(anonymous_4)
FN:42,(anonymous_5)
FN:45,(anonymous_6)
FN:48,(anonymous_7)
FN:60,(anonymous_8)
FNF:9
FNH:0
FNDA:0,(anonymous_0)
FNDA:0,(anonymous_1)
FNDA:0,(anonymous_2)
FNDA:0,(anonymous_3)
FNDA:0,(anonymous_4)
FNDA:0,(anonymous_5)
FNDA:0,(anonymous_6)
FNDA:0,(anonymous_7)
FNDA:0,(anonymous_8)
DA:10,0
DA:11,0
DA:15,0
DA:16,0
DA:20,0
DA:21,0
DA:22,0
DA:23,0
DA:25,0
DA:26,0
DA:28,0
DA:29,0
DA:31,0
DA:35,0
DA:36,0
DA:37,0
DA:38,0
DA:40,0
DA:41,0
DA:43,0
DA:45,0
DA:49,0
DA:50,0
DA:51,0
DA:53,0
DA:61,0
LF:26
LH:0
BRDA:22,0,0,0
BRDA:22,0,1,0
BRDA:37,1,0,0
BRDA:37,1,1,0
BRDA:58,2,0,0
BRDA:58,2,1,0
BRDA:93,3,0,0
BRDA:93,3,1,0
BRF:8
BRH:0
end_of_record
TN:
SF:client/src/components/Questions Answers/AnswerList.jsx
FN:5,(anonymous_0)
FN:19,(anonymous_1)
FN:28,(anonymous_2)
FN:39,(anonymous_3)
FN:49,(anonymous_4)
FNF:5
FNH:1
FNDA:3,(anonymous_0)
FNDA:0,(anonymous_1)
FNDA:0,(anonymous_2)
FNDA:0,(anonymous_3)
FNDA:0,(anonymous_4)
DA:5,1
DA:6,3
DA:7,3
DA:8,3
DA:9,3
DA:11,3
DA:12,0
DA:20,0
DA:28,0
DA:32,3
DA:40,0
DA:49,0
LF:12
LH:7
BRDA:11,0,0,0
BRDA:11,0,1,3
BRDA:48,1,0,3
BRDA:48,1,1,0
BRF:4
BRH:2
end_of_record
TN:
SF:client/src/components/Questions Answers/AnswerModal.jsx
FN:23,(anonymous_0)
FN:38,(anonymous_1)
FN:50,(anonymous_2)
FN:58,(anonymous_3)
FN:60,(anonymous_4)
FN:61,(anonymous_5)
FN:63,(anonymous_6)
FN:69,(anonymous_7)
FN:74,(anonymous_8)
FN:87,(anonymous_9)
FN:88,(anonymous_10)
FN:95,(anonymous_11)
FN:97,(anonymous_12)
FN:102,(anonymous_13)
FN:105,(anonymous_14)
FN:108,(anonymous_15)
FN:114,(anonymous_16)
FN:117,(anonymous_17)
FN:121,(anonymous_18)
FN:187,(anonymous_19)
FNF:20
FNH:3
FNDA:2,(anonymous_0)
FNDA:1,(anonymous_1)
FNDA:0,(anonymous_2)
FNDA:0,(anonymous_3)
FNDA:0,(anonymous_4)
FNDA:0,(anonymous_5)
FNDA:0,(anonymous_6)
FNDA:0,(anonymous_7)
FNDA:0,(anonymous_8)
FNDA:0,(anonymous_9)
FNDA:0,(anonymous_10)
FNDA:0,(anonymous_11)
FNDA:0,(anonymous_12)
FNDA:0,(anonymous_13)
FNDA:0,(anonymous_14)
FNDA:0,(anonymous_15)
FNDA:0,(anonymous_16)
FNDA:0,(anonymous_17)
FNDA:3,(anonymous_18)
FNDA:0,(anonymous_19)
DA:13,1
DA:14,1
DA:16,1
DA:24,2
DA:25,2
DA:32,2
DA:33,2
DA:34,2
DA:35,2
DA:39,1
DA:40,1
DA:41,0
DA:51,0
DA:52,0
DA:53,0
DA:59,0
DA:60,0
DA:61,0
DA:62,0
DA:63,0
DA:64,0
DA:66,0
DA:67,0
DA:70,0
DA:75,0
DA:78,0
DA:79,0
DA:80,0
DA:82,0
DA:83,0
DA:86,0
DA:88,0
DA:89,0
DA:96,0
DA:98,0
DA:99,0
DA:102,0
DA:105,0
DA:109,0
DA:115,0
DA:117,0
DA:122,3
DA:125,3
DA:127,3
DA:128,3
DA:130,0
DA:188,0
LF:47
LH:15
BRDA:40,0,0,0
BRDA:40,0,1,1
BRDA:127,1,0,3
BRDA:127,1,1,0
BRDA:187,2,0,0
BRDA:187,2,1,0
BRF:6
BRH:2
end_of_record
TN:
SF:client/src/components/Questions Answers/Image.jsx
FN:8,(anonymous_0)
FN:16,(anonymous_1)
FN:18,(anonymous_2)
FN:29,(anonymous_3)
FNF:4
FNH:0
FNDA:0,(anonymous_0)
FNDA:0,(anonymous_1)
FNDA:0,(anonymous_2)
FNDA:0,(anonymous_3)
DA:9,0
DA:10,0
DA:13,0
DA:17,0
DA:18,0
DA:19,0
DA:20,0
DA:21,0
DA:23,0
DA:24,0
DA:30,0
DA:31,0
DA:32,0
LF:13
LH:0
BRDA:19,0,0,0
BRDA:19,0,1,0
BRDA:41,1,0,0
BRDA:41,1,1,0
BRF:4
BRH:0
end_of_record
TN:
SF:client/src/components/Questions Answers/Main.jsx
FN:10,(anonymous_0)
FN:23,(anonymous_1)
FN:27,(anonymous_2)
FN:34,(anonymous_3)
FN:35,(anonymous_4)
FN:40,(anonymous_5)
FN:43,(anonymous_6)
FN:45,(anonymous_7)
FN:48,(anonymous_8)
FN:52,(anonymous_9)
FN:55,(anonymous_10)
FN:56,(anonymous_11)
FN:61,(anonymous_12)
FN:65,(anonymous_13)
FN:74,(anonymous_14)
FN:90,(anonymous_15)
FNF:16
FNH:8
FNDA:2,(anonymous_0)
FNDA:2,(anonymous_1)
FNDA:2,(anonymous_2)
FNDA:1,(anonymous_3)
FNDA:1,(anonymous_4)
FNDA:2,(anonymous_5)
FNDA:0,(anonymous_6)
FNDA:0,(anonymous_7)
FNDA:0,(anonymous_8)
FNDA:0,(anonymous_9)
FNDA:0,(anonymous_10)
FNDA:0,(anonymous_11)
FNDA:1,(anonymous_12)
FNDA:0,(anonymous_13)
FNDA:0,(anonymous_14)
FNDA:4,(anonymous_15)
DA:11,2
DA:12,2
DA:17,2
DA:18,2
DA:19,2
DA:20,2
DA:24,2
DA:28,2
DA:29,2
DA:30,0
DA:35,1
DA:36,1
DA:41,2
DA:42,2
DA:44,0
DA:45,0
DA:46,0
DA:48,0
DA:49,0
DA:52,0
DA:56,0
DA:57,0
DA:62,1
DA:63,1
DA:64,1
DA:65,1
DA:66,0
DA:67,0
DA:68,0
DA:69,0
DA:73,0
DA:74,0
DA:75,0
DA:76,0
DA:77,0
DA:78,0
DA:85,0
DA:87,1
DA:91,4
DA:92,4
DA:93,4
LF:41
LH:21
BRDA:29,0,0,0
BRDA:29,0,1,2
BRDA:64,1,0,1
BRDA:64,1,1,0
BRDA:68,2,0,0
BRDA:68,2,1,0
BRDA:76,3,0,0
BRDA:76,3,1,0
BRDA:77,4,0,0
BRDA:77,4,1,0
BRF:10
BRH:2
end_of_record
TN:
SF:client/src/components/Questions Answers/Question.jsx
FN:10,(anonymous_0)
FN:22,(anonymous_1)
FN:26,(anonymous_2)
FN:29,(anonymous_3)
FN:32,(anonymous_4)
FN:35,(anonymous_5)
FN:43,(anonymous_6)
FN:47,(anonymous_7)
FN:50,(anonymous_8)
FN:52,(anonymous_9)
FN:63,(anonymous_10)
FNF:11
FNH:4
FNDA:2,(anonymous_0)
FNDA:2,(anonymous_1)
FNDA:2,(anonymous_2)
FNDA:0,(anonymous_3)
FNDA:0,(anonymous_4)
FNDA:0,(anonymous_5)
FNDA:0,(anonymous_6)
FNDA:0,(anonymous_7)
FNDA:0,(anonymous_8)
FNDA:0,(anonymous_9)
FNDA:3,(anonymous_10)
DA:11,2
DA:12,2
DA:17,2
DA:18,2
DA:19,2
DA:23,2
DA:27,2
DA:28,2
DA:30,0
DA:32,0
DA:36,0
DA:37,0
DA:38,0
DA:39,0
DA:41,0
DA:42,0
DA:44,0
DA:45,0
DA:47,0
DA:51,0
DA:52,0
DA:53,0
DA:54,0
DA:55,0
DA:57,0
DA:58,0
DA:64,3
DA:65,3
DA:67,3
LF:29
LH:11
BRDA:38,0,0,0
BRDA:38,0,1,0
BRDA:53,1,0,0
BRDA:53,1,1,0
BRF:4
BRH:0
end_of_record
TN:
SF:client/src/components/Questions Answers/QuestionModal.jsx
FN:14,(anonymous_0)
FN:25,(anonymous_1)
FN:33,(anonymous_2)
FN:44,(anonymous_3)
FN:46,(anonymous_4)
FN:49,(anonymous_5)
FN:51,(anonymous_6)
FN:52,(anonymous_7)
FN:55,(anonymous_8)
FNF:9
FNH:2
FNDA:6,(anonymous_0)
FNDA:0,(anonymous_1)
FNDA:0,(anonymous_2)
FNDA:0,(anonymous_3)
FNDA:0,(anonymous_4)
FNDA:0,(anonymous_5)
FNDA:0,(anonymous_6)
FNDA:0,(anonymous_7)
FNDA:10,(anonymous_8)
DA:6,1
DA:15,6
DA:16,6
DA:21,6
DA:22,6
DA:26,0
DA:27,0
DA:28,0
DA:34,0
DA:35,0
DA:36,0
DA:37,0
DA:45,0
DA:47,0
DA:49,0
DA:51,0
DA:52,0
DA:56,10
DA:57,10
DA:59,10
DA:60,6
DA:62,4
LF:22
LH:10
BRDA:59,0,0,6
BRDA:59,0,1,4
BRF:2
BRH:2
end_of_record
TN:
SF:client/src/components/Questions Answers/QuestionsList.jsx
FN:7,(anonymous_0)
FN:23,(anonymous_1)
FN:30,(anonymous_2)
FN:40,(anonymous_3)
FN:45,(anonymous_4)
FN:52,(anonymous_5)
FN:61,(anonymous_6)
FN:62,(anonymous_7)
FN:71,(anonymous_8)
FN:72,(anonymous_9)
FN:81,(anonymous_10)
FN:89,(anonymous_11)
FNF:12
FNH:7
FNDA:4,(anonymous_0)
FNDA:4,(anonymous_1)
FNDA:0,(anonymous_2)
FNDA:0,(anonymous_3)
FNDA:0,(anonymous_4)
FNDA:1,(anonymous_5)
FNDA:1,(anonymous_6)
FNDA:1,(anonymous_7)
FNDA:0,(anonymous_8)
FNDA:0,(anonymous_9)
FNDA:8,(anonymous_10)
FNDA:4,(anonymous_11)
DA:8,4
DA:9,4
DA:10,4
DA:16,4
DA:17,4
DA:18,4
DA:19,4
DA:20,4
DA:24,4
DA:25,4
DA:26,1
DA:31,0
DA:32,0
DA:33,0
DA:34,0
DA:35,0
DA:41,0
DA:42,0
DA:46,0
DA:47,0
DA:53,1
DA:54,1
DA:62,1
DA:63,1
DA:64,1
DA:65,1
DA:66,1
DA:72,0
DA:73,0
DA:74,0
DA:75,0
DA:76,0
DA:82,8
DA:83,8
DA:85,8
DA:86,8
DA:90,4
DA:132,0
LF:38
LH:23
BRDA:25,0,0,1
BRDA:25,0,1,3
BRDA:33,1,0,0
BRDA:33,1,1,0
BRDA:34,2,0,0
BRDA:34,2,1,0
BRDA:46,3,0,0
BRDA:46,3,1,0
BRDA:64,4,0,1
BRDA:64,4,1,0
BRDA:74,5,0,0
BRDA:74,5,1,0
BRDA:85,6,0,8
BRDA:85,6,1,0
BRDA:97,7,0,8
BRDA:97,7,1,0
BRDA:106,8,0,8
BRDA:106,8,1,8
BRDA:106,8,2,0
BRF:19
BRH:7
end_of_record
TN:
SF:client/src/components/Questions Answers/SearchBar.jsx
FN:9,(anonymous_0)
FNF:1
FNH:1
FNDA:5,(anonymous_0)
DA:7,1
DA:9,1
DA:10,5
LF:3
LH:3
BRDA:13,0,0,5
BRDA:13,0,1,2
BRF:2
BRH:2
end_of_record
TN:
SF:client/src/components/Reviews/Main.jsx
FN:4,(anonymous_0)
FN:11,(anonymous_1)
FNF:2
FNH:2
FNDA:1,(anonymous_0)
FNDA:1,(anonymous_1)
DA:5,1
DA:6,1
DA:12,1
LF:3
LH:3
BRF:0
BRH:0
end_of_record
TN:
SF:spec/sum.js
FN:1,sum
FNF:1
FNH:1
FNDA:1,sum
DA:2,1
DA:4,1
LF:2
LH:2
BRF:0
BRH:0
end_of_record
